[  0%] Built target std_msgs_generate_messages_eus
[  0%] Built target geometry_msgs_generate_messages_eus
[  0%] Built target std_msgs_generate_messages_nodejs
[  0%] Built target geometry_msgs_generate_messages_nodejs
[  0%] Built target _ego_planner_generate_messages_check_deps_Bspline
[  0%] Built target _ego_planner_generate_messages_check_deps_DataDisp
[  0%] Built target geometry_msgs_generate_messages_py
[  0%] Built target std_msgs_generate_messages_py
[  0%] Built target std_msgs_generate_messages_lisp
[  0%] Built target std_msgs_generate_messages_cpp
[  0%] Built target geometry_msgs_generate_messages_lisp
[  0%] Built target geometry_msgs_generate_messages_cpp
[ 18%] Built target ego_planner_generate_messages_eus
[ 37%] Built target ego_planner_generate_messages_py
[ 50%] Built target ego_planner_generate_messages_nodejs
[ 62%] Built target ego_planner_generate_messages_lisp
[ 75%] Built target ego_planner_generate_messages_cpp
[35m[1mScanning dependencies of target ego_planner_node[0m
[ 75%] Built target ego_planner_generate_messages
[ 81%] [32mBuilding CXX object CMakeFiles/ego_planner_node.dir/src/ego_planner_node.cpp.o[0m
[ 87%] [32mBuilding CXX object CMakeFiles/ego_planner_node.dir/src/ego_replan_fsm.cpp.o[0m
[01m[K/home/grasp/ego-planner/src/planner/plan_manage/src/ego_replan_fsm.cpp:[m[K In member function ‘[01m[Kvoid ego_planner::EGOReplanFSM::init(ros::NodeHandle&)[m[K’:
[01m[K/home/grasp/ego-planner/src/planner/plan_manage/src/ego_replan_fsm.cpp:61:32:[m[K [01;31m[Kerror: [m[Kno matching function for call to ‘[01m[Kego_planner::EGOReplanFSM::planGlobalTrajbyGivenWps()[m[K’
   61 |       planGlobalTrajbyGivenWps([01;31m[K)[m[K;
      |                                [01;31m[K^[m[K
In file included from [01m[K/home/grasp/ego-planner/src/planner/plan_manage/src/ego_replan_fsm.cpp:2[m[K:
[01m[K/home/grasp/ego-planner/src/planner/plan_manage/include/plan_manage/ego_replan_fsm.h:94:10:[m[K [01;36m[Knote: [m[Kcandidate: ‘[01m[Kvoid ego_planner::EGOReplanFSM::planGlobalTrajbyGivenWps(const PathConstPtr&)[m[K’
   94 |     void [01;36m[KplanGlobalTrajbyGivenWps[m[K(const nav_msgs::PathConstPtr &msg);
      |          [01;36m[K^~~~~~~~~~~~~~~~~~~~~~~~[m[K
[01m[K/home/grasp/ego-planner/src/planner/plan_manage/include/plan_manage/ego_replan_fsm.h:94:10:[m[K [01;36m[Knote: [m[K  candidate expects 1 argument, 0 provided
make[2]: *** [CMakeFiles/ego_planner_node.dir/build.make:76: CMakeFiles/ego_planner_node.dir/src/ego_replan_fsm.cpp.o] Error 1
make[2]: *** Waiting for unfinished jobs....
make[1]: *** [CMakeFiles/Makefile2:858: CMakeFiles/ego_planner_node.dir/all] Error 2
make: *** [Makefile:141: all] Error 2
