[  0%] Built target std_msgs_generate_messages_eus
[  0%] Built target geometry_msgs_generate_messages_eus
[  0%] Built target std_msgs_generate_messages_nodejs
[  0%] Built target geometry_msgs_generate_messages_nodejs
[  0%] Built target _ego_planner_generate_messages_check_deps_Bspline
[  0%] Built target _ego_planner_generate_messages_check_deps_DataDisp
[  0%] Built target std_msgs_generate_messages_py
[  0%] Built target geometry_msgs_generate_messages_py
[  0%] Built target std_msgs_generate_messages_lisp
[  0%] Built target geometry_msgs_generate_messages_lisp
[  0%] Built target std_msgs_generate_messages_cpp
[  0%] Built target geometry_msgs_generate_messages_cpp
[ 12%] Built target ego_planner_generate_messages_nodejs
[ 31%] Built target ego_planner_generate_messages_eus
[ 50%] Built target ego_planner_generate_messages_py
[ 62%] Built target ego_planner_generate_messages_lisp
[ 75%] Built target ego_planner_generate_messages_cpp
[35m[1mScanning dependencies of target ego_planner_node[0m
[ 75%] Built target ego_planner_generate_messages
[ 81%] [32mBuilding CXX object CMakeFiles/ego_planner_node.dir/src/ego_planner_node.cpp.o[0m
[ 87%] [32mBuilding CXX object CMakeFiles/ego_planner_node.dir/src/ego_replan_fsm.cpp.o[0m
[01m[K/home/grasp/ego-planner/src/planner/plan_manage/src/ego_replan_fsm.cpp:[m[K In member function ‘[01m[Kvoid ego_planner::EGOReplanFSM::init(ros::NodeHandle&)[m[K’:
[01m[K/home/grasp/ego-planner/src/planner/plan_manage/src/ego_replan_fsm.cpp:55:97:[m[K [01;31m[Kerror: [m[Kno matching function for call to ‘[01m[Kros::NodeHandle::subscribe(const char [10], int, void (ego_planner::EGOReplanFSM::*)(), ego_planner::EGOReplanFSM*)[m[K’
   55 |       waypoint_sub_ = nh.subscribe("waypoints", 1, &EGOReplanFSM::planGlobalTrajbyGivenWps, this[01;31m[K)[m[K;
      |                                                                                                 [01;31m[K^[m[K
In file included from [01m[K/opt/ros/noetic/include/ros/ros.h:45[m[K,
                 from [01m[K/home/grasp/ego-planner/src/planner/plan_manage/include/plan_manage/ego_replan_fsm.h:9[m[K,
                 from [01m[K/home/grasp/ego-planner/src/planner/plan_manage/src/ego_replan_fsm.cpp:2[m[K:
[01m[K/opt/ros/noetic/include/ros/node_handle.h:402:14:[m[K [01;36m[Knote: [m[Kcandidate: ‘[01m[Ktemplate<class M, class T> ros::Subscriber ros::NodeHandle::subscribe(const string&, uint32_t, void (T::*)(M), T*, const ros::TransportHints&)[m[K’
  402 |   Subscriber [01;36m[Ksubscribe[m[K(const std::string& topic, uint32_t queue_size, void(T::*fp)(M), T* obj,
      |              [01;36m[K^~~~~~~~~[m[K
[01m[K/opt/ros/noetic/include/ros/node_handle.h:402:14:[m[K [01;36m[Knote: [m[K  template argument deduction/substitution failed:
[01m[K/home/grasp/ego-planner/src/planner/plan_manage/src/ego_replan_fsm.cpp:55:97:[m[K [01;36m[Knote: [m[K  candidate expects 2 arguments, 1 provided
   55 |       waypoint_sub_ = nh.subscribe("waypoints", 1, &EGOReplanFSM::planGlobalTrajbyGivenWps, this[01;36m[K)[m[K;
      |                                                                                                 [01;36m[K^[m[K
In file included from [01m[K/opt/ros/noetic/include/ros/ros.h:45[m[K,
                 from [01m[K/home/grasp/ego-planner/src/planner/plan_manage/include/plan_manage/ego_replan_fsm.h:9[m[K,
                 from [01m[K/home/grasp/ego-planner/src/planner/plan_manage/src/ego_replan_fsm.cpp:2[m[K:
[01m[K/opt/ros/noetic/include/ros/node_handle.h:413:14:[m[K [01;36m[Knote: [m[Kcandidate: ‘[01m[Ktemplate<class M, class T> ros::Subscriber ros::NodeHandle::subscribe(const string&, uint32_t, void (T::*)(M) const, T*, const ros::TransportHints&)[m[K’
  413 |   Subscriber [01;36m[Ksubscribe[m[K(const std::string& topic, uint32_t queue_size, void(T::*fp)(M) const, T* obj,
      |              [01;36m[K^~~~~~~~~[m[K
[01m[K/opt/ros/noetic/include/ros/node_handle.h:413:14:[m[K [01;36m[Knote: [m[K  template argument deduction/substitution failed:
[01m[K/home/grasp/ego-planner/src/planner/plan_manage/src/ego_replan_fsm.cpp:55:97:[m[K [01;36m[Knote: [m[K  types ‘[01m[Kvoid (T::)(M) const[m[K’ and ‘[01m[Kvoid (ego_planner::EGOReplanFSM::)()[m[K’ have incompatible cv-qualifiers
   55 |       waypoint_sub_ = nh.subscribe("waypoints", 1, &EGOReplanFSM::planGlobalTrajbyGivenWps, this[01;36m[K)[m[K;
      |                                                                                                 [01;36m[K^[m[K
In file included from [01m[K/opt/ros/noetic/include/ros/ros.h:45[m[K,
                 from [01m[K/home/grasp/ego-planner/src/planner/plan_manage/include/plan_manage/ego_replan_fsm.h:9[m[K,
                 from [01m[K/home/grasp/ego-planner/src/planner/plan_manage/src/ego_replan_fsm.cpp:2[m[K:
[01m[K/opt/ros/noetic/include/ros/node_handle.h:465:14:[m[K [01;36m[Knote: [m[Kcandidate: ‘[01m[Ktemplate<class M, class T> ros::Subscriber ros::NodeHandle::subscribe(const string&, uint32_t, void (T::*)(const boost::shared_ptr<const M>&), T*, const ros::TransportHints&)[m[K’
  465 |   Subscriber [01;36m[Ksubscribe[m[K(const std::string& topic, uint32_t queue_size,
      |              [01;36m[K^~~~~~~~~[m[K
[01m[K/opt/ros/noetic/include/ros/node_handle.h:465:14:[m[K [01;36m[Knote: [m[K  template argument deduction/substitution failed:
[01m[K/home/grasp/ego-planner/src/planner/plan_manage/src/ego_replan_fsm.cpp:55:97:[m[K [01;36m[Knote: [m[K  candidate expects 2 arguments, 1 provided
   55 |       waypoint_sub_ = nh.subscribe("waypoints", 1, &EGOReplanFSM::planGlobalTrajbyGivenWps, this[01;36m[K)[m[K;
      |                                                                                                 [01;36m[K^[m[K
In file included from [01m[K/opt/ros/noetic/include/ros/ros.h:45[m[K,
                 from [01m[K/home/grasp/ego-planner/src/planner/plan_manage/include/plan_manage/ego_replan_fsm.h:9[m[K,
                 from [01m[K/home/grasp/ego-planner/src/planner/plan_manage/src/ego_replan_fsm.cpp:2[m[K:
[01m[K/opt/ros/noetic/include/ros/node_handle.h:475:14:[m[K [01;36m[Knote: [m[Kcandidate: ‘[01m[Ktemplate<class M, class T> ros::Subscriber ros::NodeHandle::subscribe(const string&, uint32_t, void (T::*)(const boost::shared_ptr<const M>&) const, T*, const ros::TransportHints&)[m[K’
  475 |   Subscriber [01;36m[Ksubscribe[m[K(const std::string& topic, uint32_t queue_size,
      |              [01;36m[K^~~~~~~~~[m[K
[01m[K/opt/ros/noetic/include/ros/node_handle.h:475:14:[m[K [01;36m[Knote: [m[K  template argument deduction/substitution failed:
[01m[K/home/grasp/ego-planner/src/planner/plan_manage/src/ego_replan_fsm.cpp:55:97:[m[K [01;36m[Knote: [m[K  types ‘[01m[Kvoid (T::)(const boost::shared_ptr<const M>&) const[m[K’ and ‘[01m[Kvoid (ego_planner::EGOReplanFSM::)()[m[K’ have incompatible cv-qualifiers
   55 |       waypoint_sub_ = nh.subscribe("waypoints", 1, &EGOReplanFSM::planGlobalTrajbyGivenWps, this[01;36m[K)[m[K;
      |                                                                                                 [01;36m[K^[m[K
In file included from [01m[K/opt/ros/noetic/include/ros/ros.h:45[m[K,
                 from [01m[K/home/grasp/ego-planner/src/planner/plan_manage/include/plan_manage/ego_replan_fsm.h:9[m[K,
                 from [01m[K/home/grasp/ego-planner/src/planner/plan_manage/src/ego_replan_fsm.cpp:2[m[K:
[01m[K/opt/ros/noetic/include/ros/node_handle.h:529:14:[m[K [01;36m[Knote: [m[Kcandidate: ‘[01m[Ktemplate<class M, class T> ros::Subscriber ros::NodeHandle::subscribe(const string&, uint32_t, void (T::*)(M), const boost::shared_ptr<U>&, const ros::TransportHints&)[m[K’
  529 |   Subscriber [01;36m[Ksubscribe[m[K(const std::string& topic, uint32_t queue_size, void(T::*fp)(M),
      |              [01;36m[K^~~~~~~~~[m[K
[01m[K/opt/ros/noetic/include/ros/node_handle.h:529:14:[m[K [01;36m[Knote: [m[K  template argument deduction/substitution failed:
[01m[K/home/grasp/ego-planner/src/planner/plan_manage/src/ego_replan_fsm.cpp:55:97:[m[K [01;36m[Knote: [m[K  candidate expects 2 arguments, 1 provided
   55 |       waypoint_sub_ = nh.subscribe("waypoints", 1, &EGOReplanFSM::planGlobalTrajbyGivenWps, this[01;36m[K)[m[K;
      |                                                                                                 [01;36m[K^[m[K
In file included from [01m[K/opt/ros/noetic/include/ros/ros.h:45[m[K,
                 from [01m[K/home/grasp/ego-planner/src/planner/plan_manage/include/plan_manage/ego_replan_fsm.h:9[m[K,
                 from [01m[K/home/grasp/ego-planner/src/planner/plan_manage/src/ego_replan_fsm.cpp:2[m[K:
[01m[K/opt/ros/noetic/include/ros/node_handle.h:540:14:[m[K [01;36m[Knote: [m[Kcandidate: ‘[01m[Ktemplate<class M, class T> ros::Subscriber ros::NodeHandle::subscribe(const string&, uint32_t, void (T::*)(M) const, const boost::shared_ptr<U>&, const ros::TransportHints&)[m[K’
  540 |   Subscriber [01;36m[Ksubscribe[m[K(const std::string& topic, uint32_t queue_size, void(T::*fp)(M) const,
      |              [01;36m[K^~~~~~~~~[m[K
[01m[K/opt/ros/noetic/include/ros/node_handle.h:540:14:[m[K [01;36m[Knote: [m[K  template argument deduction/substitution failed:
[01m[K/home/grasp/ego-planner/src/planner/plan_manage/src/ego_replan_fsm.cpp:55:97:[m[K [01;36m[Knote: [m[K  types ‘[01m[Kvoid (T::)(M) const[m[K’ and ‘[01m[Kvoid (ego_planner::EGOReplanFSM::)()[m[K’ have incompatible cv-qualifiers
   55 |       waypoint_sub_ = nh.subscribe("waypoints", 1, &EGOReplanFSM::planGlobalTrajbyGivenWps, this[01;36m[K)[m[K;
      |                                                                                                 [01;36m[K^[m[K
In file included from [01m[K/opt/ros/noetic/include/ros/ros.h:45[m[K,
                 from [01m[K/home/grasp/ego-planner/src/planner/plan_manage/include/plan_manage/ego_replan_fsm.h:9[m[K,
                 from [01m[K/home/grasp/ego-planner/src/planner/plan_manage/src/ego_replan_fsm.cpp:2[m[K:
[01m[K/opt/ros/noetic/include/ros/node_handle.h:594:14:[m[K [01;36m[Knote: [m[Kcandidate: ‘[01m[Ktemplate<class M, class T> ros::Subscriber ros::NodeHandle::subscribe(const string&, uint32_t, void (T::*)(const boost::shared_ptr<const M>&), const boost::shared_ptr<U>&, const ros::TransportHints&)[m[K’
  594 |   Subscriber [01;36m[Ksubscribe[m[K(const std::string& topic, uint32_t queue_size,
      |              [01;36m[K^~~~~~~~~[m[K
[01m[K/opt/ros/noetic/include/ros/node_handle.h:594:14:[m[K [01;36m[Knote: [m[K  template argument deduction/substitution failed:
[01m[K/home/grasp/ego-planner/src/planner/plan_manage/src/ego_replan_fsm.cpp:55:97:[m[K [01;36m[Knote: [m[K  candidate expects 2 arguments, 1 provided
   55 |       waypoint_sub_ = nh.subscribe("waypoints", 1, &EGOReplanFSM::planGlobalTrajbyGivenWps, this[01;36m[K)[m[K;
      |                                                                                                 [01;36m[K^[m[K
In file included from [01m[K/opt/ros/noetic/include/ros/ros.h:45[m[K,
                 from [01m[K/home/grasp/ego-planner/src/planner/plan_manage/include/plan_manage/ego_replan_fsm.h:9[m[K,
                 from [01m[K/home/grasp/ego-planner/src/planner/plan_manage/src/ego_replan_fsm.cpp:2[m[K:
[01m[K/opt/ros/noetic/include/ros/node_handle.h:605:14:[m[K [01;36m[Knote: [m[Kcandidate: ‘[01m[Ktemplate<class M, class T> ros::Subscriber ros::NodeHandle::subscribe(const string&, uint32_t, void (T::*)(const boost::shared_ptr<const M>&) const, const boost::shared_ptr<U>&, const ros::TransportHints&)[m[K’
  605 |   Subscriber [01;36m[Ksubscribe[m[K(const std::string& topic, uint32_t queue_size,
      |              [01;36m[K^~~~~~~~~[m[K
[01m[K/opt/ros/noetic/include/ros/node_handle.h:605:14:[m[K [01;36m[Knote: [m[K  template argument deduction/substitution failed:
[01m[K/home/grasp/ego-planner/src/planner/plan_manage/src/ego_replan_fsm.cpp:55:97:[m[K [01;36m[Knote: [m[K  types ‘[01m[Kvoid (T::)(const boost::shared_ptr<const M>&) const[m[K’ and ‘[01m[Kvoid (ego_planner::EGOReplanFSM::)()[m[K’ have incompatible cv-qualifiers
   55 |       waypoint_sub_ = nh.subscribe("waypoints", 1, &EGOReplanFSM::planGlobalTrajbyGivenWps, this[01;36m[K)[m[K;
      |                                                                                                 [01;36m[K^[m[K
In file included from [01m[K/opt/ros/noetic/include/ros/ros.h:45[m[K,
                 from [01m[K/home/grasp/ego-planner/src/planner/plan_manage/include/plan_manage/ego_replan_fsm.h:9[m[K,
                 from [01m[K/home/grasp/ego-planner/src/planner/plan_manage/src/ego_replan_fsm.cpp:2[m[K:
[01m[K/opt/ros/noetic/include/ros/node_handle.h:656:14:[m[K [01;36m[Knote: [m[Kcandidate: ‘[01m[Ktemplate<class M> ros::Subscriber ros::NodeHandle::subscribe(const string&, uint32_t, void (*)(M), const ros::TransportHints&)[m[K’
  656 |   Subscriber [01;36m[Ksubscribe[m[K(const std::string& topic, uint32_t queue_size, void(*fp)(M), const TransportHints& transport_hints = TransportHints())
      |              [01;36m[K^~~~~~~~~[m[K
[01m[K/opt/ros/noetic/include/ros/node_handle.h:656:14:[m[K [01;36m[Knote: [m[K  template argument deduction/substitution failed:
[01m[K/home/grasp/ego-planner/src/planner/plan_manage/src/ego_replan_fsm.cpp:55:97:[m[K [01;36m[Knote: [m[K  mismatched types ‘[01m[Kvoid (*)(M)[m[K’ and ‘[01m[Kvoid (ego_planner::EGOReplanFSM::*)()[m[K’
   55 |       waypoint_sub_ = nh.subscribe("waypoints", 1, &EGOReplanFSM::planGlobalTrajbyGivenWps, this[01;36m[K)[m[K;
      |                                                                                                 [01;36m[K^[m[K
In file included from [01m[K/opt/ros/noetic/include/ros/ros.h:45[m[K,
                 from [01m[K/home/grasp/ego-planner/src/planner/plan_manage/include/plan_manage/ego_replan_fsm.h:9[m[K,
                 from [01m[K/home/grasp/ego-planner/src/planner/plan_manage/src/ego_replan_fsm.cpp:2[m[K:
[01m[K/opt/ros/noetic/include/ros/node_handle.h:704:14:[m[K [01;36m[Knote: [m[Kcandidate: ‘[01m[Ktemplate<class M> ros::Subscriber ros::NodeHandle::subscribe(const string&, uint32_t, void (*)(const boost::shared_ptr<const M>&), const ros::TransportHints&)[m[K’
  704 |   Subscriber [01;36m[Ksubscribe[m[K(const std::string& topic, uint32_t queue_size, void(*fp)(const boost::shared_ptr<M const>&), const TransportHints& transport_hints = TransportHints())
      |              [01;36m[K^~~~~~~~~[m[K
[01m[K/opt/ros/noetic/include/ros/node_handle.h:704:14:[m[K [01;36m[Knote: [m[K  template argument deduction/substitution failed:
[01m[K/home/grasp/ego-planner/src/planner/plan_manage/src/ego_replan_fsm.cpp:55:97:[m[K [01;36m[Knote: [m[K  mismatched types ‘[01m[Kvoid (*)(const boost::shared_ptr<const M>&)[m[K’ and ‘[01m[Kvoid (ego_planner::EGOReplanFSM::*)()[m[K’
   55 |       waypoint_sub_ = nh.subscribe("waypoints", 1, &EGOReplanFSM::planGlobalTrajbyGivenWps, this[01;36m[K)[m[K;
      |                                                                                                 [01;36m[K^[m[K
In file included from [01m[K/opt/ros/noetic/include/ros/ros.h:45[m[K,
                 from [01m[K/home/grasp/ego-planner/src/planner/plan_manage/include/plan_manage/ego_replan_fsm.h:9[m[K,
                 from [01m[K/home/grasp/ego-planner/src/planner/plan_manage/src/ego_replan_fsm.cpp:2[m[K:
[01m[K/opt/ros/noetic/include/ros/node_handle.h:750:14:[m[K [01;36m[Knote: [m[Kcandidate: ‘[01m[Ktemplate<class M> ros::Subscriber ros::NodeHandle::subscribe(const string&, uint32_t, const boost::function<void(const boost::shared_ptr<const M>&)>&, const VoidConstPtr&, const ros::TransportHints&)[m[K’
  750 |   Subscriber [01;36m[Ksubscribe[m[K(const std::string& topic, uint32_t queue_size, const boost::function<void (const boost::shared_ptr<M const>&)>& callback,
      |              [01;36m[K^~~~~~~~~[m[K
[01m[K/opt/ros/noetic/include/ros/node_handle.h:750:14:[m[K [01;36m[Knote: [m[K  template argument deduction/substitution failed:
[01m[K/home/grasp/ego-planner/src/planner/plan_manage/src/ego_replan_fsm.cpp:55:97:[m[K [01;36m[Knote: [m[K  mismatched types ‘[01m[Kconst boost::function<void(const boost::shared_ptr<const M>&)>[m[K’ and ‘[01m[Kvoid (ego_planner::EGOReplanFSM::*)()[m[K’
   55 |       waypoint_sub_ = nh.subscribe("waypoints", 1, &EGOReplanFSM::planGlobalTrajbyGivenWps, this[01;36m[K)[m[K;
      |                                                                                                 [01;36m[K^[m[K
In file included from [01m[K/opt/ros/noetic/include/ros/ros.h:45[m[K,
                 from [01m[K/home/grasp/ego-planner/src/planner/plan_manage/include/plan_manage/ego_replan_fsm.h:9[m[K,
                 from [01m[K/home/grasp/ego-planner/src/planner/plan_manage/src/ego_replan_fsm.cpp:2[m[K:
[01m[K/opt/ros/noetic/include/ros/node_handle.h:799:14:[m[K [01;36m[Knote: [m[Kcandidate: ‘[01m[Ktemplate<class M, class C> ros::Subscriber ros::NodeHandle::subscribe(const string&, uint32_t, const boost::function<void(C)>&, const VoidConstPtr&, const ros::TransportHints&)[m[K’
  799 |   Subscriber [01;36m[Ksubscribe[m[K(const std::string& topic, uint32_t queue_size, const boost::function<void (C)>& callback,
      |              [01;36m[K^~~~~~~~~[m[K
[01m[K/opt/ros/noetic/include/ros/node_handle.h:799:14:[m[K [01;36m[Knote: [m[K  template argument deduction/substitution failed:
[01m[K/home/grasp/ego-planner/src/planner/plan_manage/src/ego_replan_fsm.cpp:55:97:[m[K [01;36m[Knote: [m[K  mismatched types ‘[01m[Kconst boost::function<void(C)>[m[K’ and ‘[01m[Kvoid (ego_planner::EGOReplanFSM::*)()[m[K’
   55 |       waypoint_sub_ = nh.subscribe("waypoints", 1, &EGOReplanFSM::planGlobalTrajbyGivenWps, this[01;36m[K)[m[K;
      |                                                                                                 [01;36m[K^[m[K
In file included from [01m[K/opt/ros/noetic/include/ros/ros.h:45[m[K,
                 from [01m[K/home/grasp/ego-planner/src/planner/plan_manage/include/plan_manage/ego_replan_fsm.h:9[m[K,
                 from [01m[K/home/grasp/ego-planner/src/planner/plan_manage/src/ego_replan_fsm.cpp:2[m[K:
[01m[K/opt/ros/noetic/include/ros/node_handle.h:836:14:[m[K [01;36m[Knote: [m[Kcandidate: ‘[01m[Kros::Subscriber ros::NodeHandle::subscribe(ros::SubscribeOptions&)[m[K’
  836 |   Subscriber [01;36m[Ksubscribe[m[K(SubscribeOptions& ops);
      |              [01;36m[K^~~~~~~~~[m[K
[01m[K/opt/ros/noetic/include/ros/node_handle.h:836:14:[m[K [01;36m[Knote: [m[K  candidate expects 1 argument, 4 provided
[01m[K/home/grasp/ego-planner/src/planner/plan_manage/src/ego_replan_fsm.cpp:[m[K At global scope:
[01m[K/home/grasp/ego-planner/src/planner/plan_manage/src/ego_replan_fsm.cpp:67:8:[m[K [01;31m[Kerror: [m[Kredefinition of ‘[01m[Kvoid ego_planner::EGOReplanFSM::planGlobalTrajbyGivenWps()[m[K’
   67 |   void [01;31m[KEGOReplanFSM[m[K::planGlobalTrajbyGivenWps()
      |        [01;31m[K^~~~~~~~~~~~[m[K
In file included from [01m[K/home/grasp/ego-planner/src/planner/plan_manage/src/ego_replan_fsm.cpp:2[m[K:
[01m[K/home/grasp/ego-planner/src/planner/plan_manage/include/plan_manage/ego_replan_fsm.h:93:10:[m[K [01;36m[Knote: [m[K‘[01m[Kvoid ego_planner::EGOReplanFSM::planGlobalTrajbyGivenWps()[m[K’ previously defined here
   93 |     void [01;36m[KplanGlobalTrajbyGivenWps[m[K(){};
      |          [01;36m[K^~~~~~~~~~~~~~~~~~~~~~~~[m[K
make[2]: *** [CMakeFiles/ego_planner_node.dir/build.make:76: CMakeFiles/ego_planner_node.dir/src/ego_replan_fsm.cpp.o] Error 1
make[2]: *** Waiting for unfinished jobs....
make[1]: *** [CMakeFiles/Makefile2:858: CMakeFiles/ego_planner_node.dir/all] Error 2
make: *** [Makefile:141: all] Error 2
