[ 50%] Built target structure_map
[ 50%] Built target std_srvs_generate_messages_py
[ 50%] Built target sensor_msgs_generate_messages_nodejs
[ 50%] Built target sensor_msgs_generate_messages_lisp
[ 50%] Built target pcl_msgs_generate_messages_py
[ 50%] Built target pcl_msgs_generate_messages_lisp
[ 50%] Built target sensor_msgs_generate_messages_cpp
[ 50%] Built target pcl_msgs_generate_messages_cpp
[ 50%] Built target sensor_msgs_generate_messages_py
[ 50%] Built target geometry_msgs_generate_messages_py
[ 50%] Built target geometry_msgs_generate_messages_nodejs
[ 50%] Built target geometry_msgs_generate_messages_lisp
[ 50%] Built target geometry_msgs_generate_messages_cpp
[ 50%] Built target rosgraph_msgs_generate_messages_eus
[ 50%] Built target topic_tools_generate_messages_eus
[ 50%] Built target roscpp_generate_messages_nodejs
[ 50%] Built target std_msgs_generate_messages_eus
[ 50%] Built target pcl_msgs_generate_messages_eus
[ 50%] Built target topic_tools_generate_messages_cpp
[ 50%] Built target sensor_msgs_generate_messages_eus
[ 50%] Built target pcl_msgs_generate_messages_nodejs
[ 50%] Built target roscpp_generate_messages_cpp
[ 50%] Built target topic_tools_generate_messages_py
[ 50%] Built target roscpp_generate_messages_py
[ 50%] Built target rosgraph_msgs_generate_messages_py
[ 50%] Built target rosgraph_msgs_generate_messages_lisp
[ 50%] Built target roscpp_generate_messages_lisp
[ 50%] Built target std_msgs_generate_messages_lisp
[ 50%] Built target roscpp_generate_messages_eus
[ 50%] Built target topic_tools_generate_messages_nodejs
[ 50%] Built target topic_tools_generate_messages_lisp
[ 50%] Built target rosgraph_msgs_generate_messages_nodejs
[ 50%] Built target std_srvs_generate_messages_cpp
[ 50%] Built target std_msgs_generate_messages_cpp
[ 50%] Built target geometry_msgs_generate_messages_eus
[ 50%] Built target std_msgs_generate_messages_nodejs
[ 50%] Built target std_msgs_generate_messages_py
[ 50%] Built target std_srvs_generate_messages_eus
[ 50%] Built target std_srvs_generate_messages_lisp
[ 50%] Built target std_srvs_generate_messages_nodejs
[ 50%] Built target rosgraph_msgs_generate_messages_cpp
[100%] Built target read_grid_map
