Linked: (/home/grasp/ego-planner/devel/.private/kr_tracker_msgs/lib/python3/dist-packages/kr_tracker_msgs/__init__.py, /home/grasp/ego-planner/devel/lib/python3/dist-packages/kr_tracker_msgs/__init__.py)
Linked: (/home/grasp/ego-planner/devel/.private/kr_tracker_msgs/lib/python3/dist-packages/kr_tracker_msgs/msg/_VelocityTrackerAction.py, /home/grasp/ego-planner/devel/lib/python3/dist-packages/kr_tracker_msgs/msg/_VelocityTrackerAction.py)
Linked: (/home/grasp/ego-planner/devel/.private/kr_tracker_msgs/lib/python3/dist-packages/kr_tracker_msgs/msg/_LissajousAdderFeedback.py, /home/grasp/ego-planner/devel/lib/python3/dist-packages/kr_tracker_msgs/msg/_LissajousAdderFeedback.py)
Linked: (/home/grasp/ego-planner/devel/.private/kr_tracker_msgs/lib/python3/dist-packages/kr_tracker_msgs/msg/_VelocityTrackerResult.py, /home/grasp/ego-planner/devel/lib/python3/dist-packages/kr_tracker_msgs/msg/_VelocityTrackerResult.py)
Linked: (/home/grasp/ego-planner/devel/.private/kr_tracker_msgs/lib/python3/dist-packages/kr_tracker_msgs/msg/_VelocityTrackerActionResult.py, /home/grasp/ego-planner/devel/lib/python3/dist-packages/kr_tracker_msgs/msg/_VelocityTrackerActionResult.py)
Linked: (/home/grasp/ego-planner/devel/.private/kr_tracker_msgs/lib/python3/dist-packages/kr_tracker_msgs/msg/_LissajousAdderActionFeedback.py, /home/grasp/ego-planner/devel/lib/python3/dist-packages/kr_tracker_msgs/msg/_LissajousAdderActionFeedback.py)
Linked: (/home/grasp/ego-planner/devel/.private/kr_tracker_msgs/lib/python3/dist-packages/kr_tracker_msgs/msg/_LissajousAdderActionResult.py, /home/grasp/ego-planner/devel/lib/python3/dist-packages/kr_tracker_msgs/msg/_LissajousAdderActionResult.py)
Linked: (/home/grasp/ego-planner/devel/.private/kr_tracker_msgs/lib/python3/dist-packages/kr_tracker_msgs/msg/_LineTrackerActionFeedback.py, /home/grasp/ego-planner/devel/lib/python3/dist-packages/kr_tracker_msgs/msg/_LineTrackerActionFeedback.py)
Linked: (/home/grasp/ego-planner/devel/.private/kr_tracker_msgs/lib/python3/dist-packages/kr_tracker_msgs/msg/_VelocityTrackerGoal.py, /home/grasp/ego-planner/devel/lib/python3/dist-packages/kr_tracker_msgs/msg/_VelocityTrackerGoal.py)
Linked: (/home/grasp/ego-planner/devel/.private/kr_tracker_msgs/lib/python3/dist-packages/kr_tracker_msgs/msg/_CircleTrackerActionFeedback.py, /home/grasp/ego-planner/devel/lib/python3/dist-packages/kr_tracker_msgs/msg/_CircleTrackerActionFeedback.py)
Linked: (/home/grasp/ego-planner/devel/.private/kr_tracker_msgs/lib/python3/dist-packages/kr_tracker_msgs/msg/_TrajectoryTrackerAction.py, /home/grasp/ego-planner/devel/lib/python3/dist-packages/kr_tracker_msgs/msg/_TrajectoryTrackerAction.py)
Linked: (/home/grasp/ego-planner/devel/.private/kr_tracker_msgs/lib/python3/dist-packages/kr_tracker_msgs/msg/_LissajousTrackerActionFeedback.py, /home/grasp/ego-planner/devel/lib/python3/dist-packages/kr_tracker_msgs/msg/_LissajousTrackerActionFeedback.py)
Linked: (/home/grasp/ego-planner/devel/.private/kr_tracker_msgs/lib/python3/dist-packages/kr_tracker_msgs/msg/_LissajousTrackerAction.py, /home/grasp/ego-planner/devel/lib/python3/dist-packages/kr_tracker_msgs/msg/_LissajousTrackerAction.py)
Linked: (/home/grasp/ego-planner/devel/.private/kr_tracker_msgs/lib/python3/dist-packages/kr_tracker_msgs/msg/_LissajousTrackerFeedback.py, /home/grasp/ego-planner/devel/lib/python3/dist-packages/kr_tracker_msgs/msg/_LissajousTrackerFeedback.py)
Linked: (/home/grasp/ego-planner/devel/.private/kr_tracker_msgs/lib/python3/dist-packages/kr_tracker_msgs/msg/_LineTrackerActionResult.py, /home/grasp/ego-planner/devel/lib/python3/dist-packages/kr_tracker_msgs/msg/_LineTrackerActionResult.py)
Linked: (/home/grasp/ego-planner/devel/.private/kr_tracker_msgs/lib/python3/dist-packages/kr_tracker_msgs/msg/_TrajectoryTrackerGoal.py, /home/grasp/ego-planner/devel/lib/python3/dist-packages/kr_tracker_msgs/msg/_TrajectoryTrackerGoal.py)
Linked: (/home/grasp/ego-planner/devel/.private/kr_tracker_msgs/lib/python3/dist-packages/kr_tracker_msgs/msg/_CircleTrackerActionGoal.py, /home/grasp/ego-planner/devel/lib/python3/dist-packages/kr_tracker_msgs/msg/_CircleTrackerActionGoal.py)
Linked: (/home/grasp/ego-planner/devel/.private/kr_tracker_msgs/lib/python3/dist-packages/kr_tracker_msgs/msg/_VelocityTrackerActionGoal.py, /home/grasp/ego-planner/devel/lib/python3/dist-packages/kr_tracker_msgs/msg/_VelocityTrackerActionGoal.py)
Linked: (/home/grasp/ego-planner/devel/.private/kr_tracker_msgs/lib/python3/dist-packages/kr_tracker_msgs/msg/_LineTrackerActionGoal.py, /home/grasp/ego-planner/devel/lib/python3/dist-packages/kr_tracker_msgs/msg/_LineTrackerActionGoal.py)
Linked: (/home/grasp/ego-planner/devel/.private/kr_tracker_msgs/lib/python3/dist-packages/kr_tracker_msgs/msg/_LineTrackerResult.py, /home/grasp/ego-planner/devel/lib/python3/dist-packages/kr_tracker_msgs/msg/_LineTrackerResult.py)
Linked: (/home/grasp/ego-planner/devel/.private/kr_tracker_msgs/lib/python3/dist-packages/kr_tracker_msgs/msg/_PolyTrackerAction.py, /home/grasp/ego-planner/devel/lib/python3/dist-packages/kr_tracker_msgs/msg/_PolyTrackerAction.py)
Linked: (/home/grasp/ego-planner/devel/.private/kr_tracker_msgs/lib/python3/dist-packages/kr_tracker_msgs/msg/_VelocityGoal.py, /home/grasp/ego-planner/devel/lib/python3/dist-packages/kr_tracker_msgs/msg/_VelocityGoal.py)
Linked: (/home/grasp/ego-planner/devel/.private/kr_tracker_msgs/lib/python3/dist-packages/kr_tracker_msgs/msg/_TrajectoryTrackerActionFeedback.py, /home/grasp/ego-planner/devel/lib/python3/dist-packages/kr_tracker_msgs/msg/_TrajectoryTrackerActionFeedback.py)
Linked: (/home/grasp/ego-planner/devel/.private/kr_tracker_msgs/lib/python3/dist-packages/kr_tracker_msgs/msg/_TrackerStatus.py, /home/grasp/ego-planner/devel/lib/python3/dist-packages/kr_tracker_msgs/msg/_TrackerStatus.py)
Linked: (/home/grasp/ego-planner/devel/.private/kr_tracker_msgs/lib/python3/dist-packages/kr_tracker_msgs/msg/_CircleTrackerResult.py, /home/grasp/ego-planner/devel/lib/python3/dist-packages/kr_tracker_msgs/msg/_CircleTrackerResult.py)
Linked: (/home/grasp/ego-planner/devel/.private/kr_tracker_msgs/lib/python3/dist-packages/kr_tracker_msgs/msg/_TrajectoryTrackerResult.py, /home/grasp/ego-planner/devel/lib/python3/dist-packages/kr_tracker_msgs/msg/_TrajectoryTrackerResult.py)
Linked: (/home/grasp/ego-planner/devel/.private/kr_tracker_msgs/lib/python3/dist-packages/kr_tracker_msgs/msg/_PolyTrackerActionGoal.py, /home/grasp/ego-planner/devel/lib/python3/dist-packages/kr_tracker_msgs/msg/_PolyTrackerActionGoal.py)
Linked: (/home/grasp/ego-planner/devel/.private/kr_tracker_msgs/lib/python3/dist-packages/kr_tracker_msgs/msg/_PolyTrackerActionFeedback.py, /home/grasp/ego-planner/devel/lib/python3/dist-packages/kr_tracker_msgs/msg/_PolyTrackerActionFeedback.py)
Linked: (/home/grasp/ego-planner/devel/.private/kr_tracker_msgs/lib/python3/dist-packages/kr_tracker_msgs/msg/_LissajousAdderAction.py, /home/grasp/ego-planner/devel/lib/python3/dist-packages/kr_tracker_msgs/msg/_LissajousAdderAction.py)
Linked: (/home/grasp/ego-planner/devel/.private/kr_tracker_msgs/lib/python3/dist-packages/kr_tracker_msgs/msg/_LissajousAdderGoal.py, /home/grasp/ego-planner/devel/lib/python3/dist-packages/kr_tracker_msgs/msg/_LissajousAdderGoal.py)
Linked: (/home/grasp/ego-planner/devel/.private/kr_tracker_msgs/lib/python3/dist-packages/kr_tracker_msgs/msg/_CircleTrackerFeedback.py, /home/grasp/ego-planner/devel/lib/python3/dist-packages/kr_tracker_msgs/msg/_CircleTrackerFeedback.py)
Linked: (/home/grasp/ego-planner/devel/.private/kr_tracker_msgs/lib/python3/dist-packages/kr_tracker_msgs/msg/_VelocityTrackerActionFeedback.py, /home/grasp/ego-planner/devel/lib/python3/dist-packages/kr_tracker_msgs/msg/_VelocityTrackerActionFeedback.py)
Linked: (/home/grasp/ego-planner/devel/.private/kr_tracker_msgs/lib/python3/dist-packages/kr_tracker_msgs/msg/_LineTrackerFeedback.py, /home/grasp/ego-planner/devel/lib/python3/dist-packages/kr_tracker_msgs/msg/_LineTrackerFeedback.py)
Linked: (/home/grasp/ego-planner/devel/.private/kr_tracker_msgs/lib/python3/dist-packages/kr_tracker_msgs/msg/_PolyTrackerResult.py, /home/grasp/ego-planner/devel/lib/python3/dist-packages/kr_tracker_msgs/msg/_PolyTrackerResult.py)
Linked: (/home/grasp/ego-planner/devel/.private/kr_tracker_msgs/lib/python3/dist-packages/kr_tracker_msgs/msg/_CircleTrackerGoal.py, /home/grasp/ego-planner/devel/lib/python3/dist-packages/kr_tracker_msgs/msg/_CircleTrackerGoal.py)
Linked: (/home/grasp/ego-planner/devel/.private/kr_tracker_msgs/lib/python3/dist-packages/kr_tracker_msgs/msg/__init__.py, /home/grasp/ego-planner/devel/lib/python3/dist-packages/kr_tracker_msgs/msg/__init__.py)
Linked: (/home/grasp/ego-planner/devel/.private/kr_tracker_msgs/lib/python3/dist-packages/kr_tracker_msgs/msg/_CircleTrackerAction.py, /home/grasp/ego-planner/devel/lib/python3/dist-packages/kr_tracker_msgs/msg/_CircleTrackerAction.py)
Linked: (/home/grasp/ego-planner/devel/.private/kr_tracker_msgs/lib/python3/dist-packages/kr_tracker_msgs/msg/_LissajousTrackerGoal.py, /home/grasp/ego-planner/devel/lib/python3/dist-packages/kr_tracker_msgs/msg/_LissajousTrackerGoal.py)
Linked: (/home/grasp/ego-planner/devel/.private/kr_tracker_msgs/lib/python3/dist-packages/kr_tracker_msgs/msg/_TrajectoryTrackerActionResult.py, /home/grasp/ego-planner/devel/lib/python3/dist-packages/kr_tracker_msgs/msg/_TrajectoryTrackerActionResult.py)
Linked: (/home/grasp/ego-planner/devel/.private/kr_tracker_msgs/lib/python3/dist-packages/kr_tracker_msgs/msg/_PolyTrackerFeedback.py, /home/grasp/ego-planner/devel/lib/python3/dist-packages/kr_tracker_msgs/msg/_PolyTrackerFeedback.py)
Linked: (/home/grasp/ego-planner/devel/.private/kr_tracker_msgs/lib/python3/dist-packages/kr_tracker_msgs/msg/_LissajousAdderActionGoal.py, /home/grasp/ego-planner/devel/lib/python3/dist-packages/kr_tracker_msgs/msg/_LissajousAdderActionGoal.py)
Linked: (/home/grasp/ego-planner/devel/.private/kr_tracker_msgs/lib/python3/dist-packages/kr_tracker_msgs/msg/_TrajectoryTrackerFeedback.py, /home/grasp/ego-planner/devel/lib/python3/dist-packages/kr_tracker_msgs/msg/_TrajectoryTrackerFeedback.py)
Linked: (/home/grasp/ego-planner/devel/.private/kr_tracker_msgs/lib/python3/dist-packages/kr_tracker_msgs/msg/_LissajousTrackerResult.py, /home/grasp/ego-planner/devel/lib/python3/dist-packages/kr_tracker_msgs/msg/_LissajousTrackerResult.py)
Linked: (/home/grasp/ego-planner/devel/.private/kr_tracker_msgs/lib/python3/dist-packages/kr_tracker_msgs/msg/_LissajousTrackerActionResult.py, /home/grasp/ego-planner/devel/lib/python3/dist-packages/kr_tracker_msgs/msg/_LissajousTrackerActionResult.py)
Linked: (/home/grasp/ego-planner/devel/.private/kr_tracker_msgs/lib/python3/dist-packages/kr_tracker_msgs/msg/_LissajousTrackerActionGoal.py, /home/grasp/ego-planner/devel/lib/python3/dist-packages/kr_tracker_msgs/msg/_LissajousTrackerActionGoal.py)
Linked: (/home/grasp/ego-planner/devel/.private/kr_tracker_msgs/lib/python3/dist-packages/kr_tracker_msgs/msg/_LineTrackerGoal.py, /home/grasp/ego-planner/devel/lib/python3/dist-packages/kr_tracker_msgs/msg/_LineTrackerGoal.py)
Linked: (/home/grasp/ego-planner/devel/.private/kr_tracker_msgs/lib/python3/dist-packages/kr_tracker_msgs/msg/_PolyTrackerGoal.py, /home/grasp/ego-planner/devel/lib/python3/dist-packages/kr_tracker_msgs/msg/_PolyTrackerGoal.py)
Linked: (/home/grasp/ego-planner/devel/.private/kr_tracker_msgs/lib/python3/dist-packages/kr_tracker_msgs/msg/_TrajectoryTrackerActionGoal.py, /home/grasp/ego-planner/devel/lib/python3/dist-packages/kr_tracker_msgs/msg/_TrajectoryTrackerActionGoal.py)
Linked: (/home/grasp/ego-planner/devel/.private/kr_tracker_msgs/lib/python3/dist-packages/kr_tracker_msgs/msg/_LissajousAdderResult.py, /home/grasp/ego-planner/devel/lib/python3/dist-packages/kr_tracker_msgs/msg/_LissajousAdderResult.py)
Linked: (/home/grasp/ego-planner/devel/.private/kr_tracker_msgs/lib/python3/dist-packages/kr_tracker_msgs/msg/_Polynomial.py, /home/grasp/ego-planner/devel/lib/python3/dist-packages/kr_tracker_msgs/msg/_Polynomial.py)
Linked: (/home/grasp/ego-planner/devel/.private/kr_tracker_msgs/lib/python3/dist-packages/kr_tracker_msgs/msg/_PolyTrackerActionResult.py, /home/grasp/ego-planner/devel/lib/python3/dist-packages/kr_tracker_msgs/msg/_PolyTrackerActionResult.py)
Linked: (/home/grasp/ego-planner/devel/.private/kr_tracker_msgs/lib/python3/dist-packages/kr_tracker_msgs/msg/_VelocityTrackerFeedback.py, /home/grasp/ego-planner/devel/lib/python3/dist-packages/kr_tracker_msgs/msg/_VelocityTrackerFeedback.py)
Linked: (/home/grasp/ego-planner/devel/.private/kr_tracker_msgs/lib/python3/dist-packages/kr_tracker_msgs/msg/_LineTrackerAction.py, /home/grasp/ego-planner/devel/lib/python3/dist-packages/kr_tracker_msgs/msg/_LineTrackerAction.py)
Linked: (/home/grasp/ego-planner/devel/.private/kr_tracker_msgs/lib/python3/dist-packages/kr_tracker_msgs/msg/_CircleTrackerActionResult.py, /home/grasp/ego-planner/devel/lib/python3/dist-packages/kr_tracker_msgs/msg/_CircleTrackerActionResult.py)
Linked: (/home/grasp/ego-planner/devel/.private/kr_tracker_msgs/lib/python3/dist-packages/kr_tracker_msgs/srv/__init__.py, /home/grasp/ego-planner/devel/lib/python3/dist-packages/kr_tracker_msgs/srv/__init__.py)
Linked: (/home/grasp/ego-planner/devel/.private/kr_tracker_msgs/lib/python3/dist-packages/kr_tracker_msgs/srv/_Transition.py, /home/grasp/ego-planner/devel/lib/python3/dist-packages/kr_tracker_msgs/srv/_Transition.py)
Linked: (/home/grasp/ego-planner/devel/.private/kr_tracker_msgs/lib/pkgconfig/kr_tracker_msgs.pc, /home/grasp/ego-planner/devel/lib/pkgconfig/kr_tracker_msgs.pc)
Linked: (/home/grasp/ego-planner/devel/.private/kr_tracker_msgs/include/kr_tracker_msgs/LissajousAdderResult.h, /home/grasp/ego-planner/devel/include/kr_tracker_msgs/LissajousAdderResult.h)
Linked: (/home/grasp/ego-planner/devel/.private/kr_tracker_msgs/include/kr_tracker_msgs/VelocityGoal.h, /home/grasp/ego-planner/devel/include/kr_tracker_msgs/VelocityGoal.h)
Linked: (/home/grasp/ego-planner/devel/.private/kr_tracker_msgs/include/kr_tracker_msgs/VelocityTrackerActionFeedback.h, /home/grasp/ego-planner/devel/include/kr_tracker_msgs/VelocityTrackerActionFeedback.h)
Linked: (/home/grasp/ego-planner/devel/.private/kr_tracker_msgs/include/kr_tracker_msgs/LineTrackerAction.h, /home/grasp/ego-planner/devel/include/kr_tracker_msgs/LineTrackerAction.h)
Linked: (/home/grasp/ego-planner/devel/.private/kr_tracker_msgs/include/kr_tracker_msgs/CircleTrackerActionFeedback.h, /home/grasp/ego-planner/devel/include/kr_tracker_msgs/CircleTrackerActionFeedback.h)
Linked: (/home/grasp/ego-planner/devel/.private/kr_tracker_msgs/include/kr_tracker_msgs/LissajousTrackerActionFeedback.h, /home/grasp/ego-planner/devel/include/kr_tracker_msgs/LissajousTrackerActionFeedback.h)
Linked: (/home/grasp/ego-planner/devel/.private/kr_tracker_msgs/include/kr_tracker_msgs/TransitionRequest.h, /home/grasp/ego-planner/devel/include/kr_tracker_msgs/TransitionRequest.h)
Linked: (/home/grasp/ego-planner/devel/.private/kr_tracker_msgs/include/kr_tracker_msgs/LissajousAdderActionFeedback.h, /home/grasp/ego-planner/devel/include/kr_tracker_msgs/LissajousAdderActionFeedback.h)
Linked: (/home/grasp/ego-planner/devel/.private/kr_tracker_msgs/include/kr_tracker_msgs/Transition.h, /home/grasp/ego-planner/devel/include/kr_tracker_msgs/Transition.h)
Linked: (/home/grasp/ego-planner/devel/.private/kr_tracker_msgs/include/kr_tracker_msgs/TrajectoryTrackerActionGoal.h, /home/grasp/ego-planner/devel/include/kr_tracker_msgs/TrajectoryTrackerActionGoal.h)
Linked: (/home/grasp/ego-planner/devel/.private/kr_tracker_msgs/include/kr_tracker_msgs/VelocityTrackerFeedback.h, /home/grasp/ego-planner/devel/include/kr_tracker_msgs/VelocityTrackerFeedback.h)
Linked: (/home/grasp/ego-planner/devel/.private/kr_tracker_msgs/include/kr_tracker_msgs/CircleTrackerActionResult.h, /home/grasp/ego-planner/devel/include/kr_tracker_msgs/CircleTrackerActionResult.h)
Linked: (/home/grasp/ego-planner/devel/.private/kr_tracker_msgs/include/kr_tracker_msgs/VelocityTrackerActionResult.h, /home/grasp/ego-planner/devel/include/kr_tracker_msgs/VelocityTrackerActionResult.h)
Linked: (/home/grasp/ego-planner/devel/.private/kr_tracker_msgs/include/kr_tracker_msgs/VelocityTrackerAction.h, /home/grasp/ego-planner/devel/include/kr_tracker_msgs/VelocityTrackerAction.h)
Linked: (/home/grasp/ego-planner/devel/.private/kr_tracker_msgs/include/kr_tracker_msgs/TrajectoryTrackerGoal.h, /home/grasp/ego-planner/devel/include/kr_tracker_msgs/TrajectoryTrackerGoal.h)
Linked: (/home/grasp/ego-planner/devel/.private/kr_tracker_msgs/include/kr_tracker_msgs/TrajectoryTrackerAction.h, /home/grasp/ego-planner/devel/include/kr_tracker_msgs/TrajectoryTrackerAction.h)
Linked: (/home/grasp/ego-planner/devel/.private/kr_tracker_msgs/include/kr_tracker_msgs/LineTrackerActionFeedback.h, /home/grasp/ego-planner/devel/include/kr_tracker_msgs/LineTrackerActionFeedback.h)
Linked: (/home/grasp/ego-planner/devel/.private/kr_tracker_msgs/include/kr_tracker_msgs/CircleTrackerGoal.h, /home/grasp/ego-planner/devel/include/kr_tracker_msgs/CircleTrackerGoal.h)
Linked: (/home/grasp/ego-planner/devel/.private/kr_tracker_msgs/include/kr_tracker_msgs/CircleTrackerActionGoal.h, /home/grasp/ego-planner/devel/include/kr_tracker_msgs/CircleTrackerActionGoal.h)
Linked: (/home/grasp/ego-planner/devel/.private/kr_tracker_msgs/include/kr_tracker_msgs/LineTrackerActionGoal.h, /home/grasp/ego-planner/devel/include/kr_tracker_msgs/LineTrackerActionGoal.h)
Linked: (/home/grasp/ego-planner/devel/.private/kr_tracker_msgs/include/kr_tracker_msgs/LissajousTrackerResult.h, /home/grasp/ego-planner/devel/include/kr_tracker_msgs/LissajousTrackerResult.h)
Linked: (/home/grasp/ego-planner/devel/.private/kr_tracker_msgs/include/kr_tracker_msgs/TrajectoryTrackerActionResult.h, /home/grasp/ego-planner/devel/include/kr_tracker_msgs/TrajectoryTrackerActionResult.h)
Linked: (/home/grasp/ego-planner/devel/.private/kr_tracker_msgs/include/kr_tracker_msgs/PolyTrackerResult.h, /home/grasp/ego-planner/devel/include/kr_tracker_msgs/PolyTrackerResult.h)
Linked: (/home/grasp/ego-planner/devel/.private/kr_tracker_msgs/include/kr_tracker_msgs/PolyTrackerActionFeedback.h, /home/grasp/ego-planner/devel/include/kr_tracker_msgs/PolyTrackerActionFeedback.h)
Linked: (/home/grasp/ego-planner/devel/.private/kr_tracker_msgs/include/kr_tracker_msgs/LissajousAdderActionResult.h, /home/grasp/ego-planner/devel/include/kr_tracker_msgs/LissajousAdderActionResult.h)
Linked: (/home/grasp/ego-planner/devel/.private/kr_tracker_msgs/include/kr_tracker_msgs/CircleTrackerFeedback.h, /home/grasp/ego-planner/devel/include/kr_tracker_msgs/CircleTrackerFeedback.h)
Linked: (/home/grasp/ego-planner/devel/.private/kr_tracker_msgs/include/kr_tracker_msgs/VelocityTrackerGoal.h, /home/grasp/ego-planner/devel/include/kr_tracker_msgs/VelocityTrackerGoal.h)
Linked: (/home/grasp/ego-planner/devel/.private/kr_tracker_msgs/include/kr_tracker_msgs/VelocityTrackerActionGoal.h, /home/grasp/ego-planner/devel/include/kr_tracker_msgs/VelocityTrackerActionGoal.h)
Linked: (/home/grasp/ego-planner/devel/.private/kr_tracker_msgs/include/kr_tracker_msgs/CircleTrackerResult.h, /home/grasp/ego-planner/devel/include/kr_tracker_msgs/CircleTrackerResult.h)
Linked: (/home/grasp/ego-planner/devel/.private/kr_tracker_msgs/include/kr_tracker_msgs/LissajousTrackerFeedback.h, /home/grasp/ego-planner/devel/include/kr_tracker_msgs/LissajousTrackerFeedback.h)
Linked: (/home/grasp/ego-planner/devel/.private/kr_tracker_msgs/include/kr_tracker_msgs/TrackerStatus.h, /home/grasp/ego-planner/devel/include/kr_tracker_msgs/TrackerStatus.h)
Linked: (/home/grasp/ego-planner/devel/.private/kr_tracker_msgs/include/kr_tracker_msgs/PolyTrackerGoal.h, /home/grasp/ego-planner/devel/include/kr_tracker_msgs/PolyTrackerGoal.h)
Linked: (/home/grasp/ego-planner/devel/.private/kr_tracker_msgs/include/kr_tracker_msgs/LissajousTrackerGoal.h, /home/grasp/ego-planner/devel/include/kr_tracker_msgs/LissajousTrackerGoal.h)
Linked: (/home/grasp/ego-planner/devel/.private/kr_tracker_msgs/include/kr_tracker_msgs/PolyTrackerActionResult.h, /home/grasp/ego-planner/devel/include/kr_tracker_msgs/PolyTrackerActionResult.h)
Linked: (/home/grasp/ego-planner/devel/.private/kr_tracker_msgs/include/kr_tracker_msgs/TrajectoryTrackerResult.h, /home/grasp/ego-planner/devel/include/kr_tracker_msgs/TrajectoryTrackerResult.h)
Linked: (/home/grasp/ego-planner/devel/.private/kr_tracker_msgs/include/kr_tracker_msgs/TransitionResponse.h, /home/grasp/ego-planner/devel/include/kr_tracker_msgs/TransitionResponse.h)
Linked: (/home/grasp/ego-planner/devel/.private/kr_tracker_msgs/include/kr_tracker_msgs/PolyTrackerFeedback.h, /home/grasp/ego-planner/devel/include/kr_tracker_msgs/PolyTrackerFeedback.h)
Linked: (/home/grasp/ego-planner/devel/.private/kr_tracker_msgs/include/kr_tracker_msgs/PolyTrackerAction.h, /home/grasp/ego-planner/devel/include/kr_tracker_msgs/PolyTrackerAction.h)
Linked: (/home/grasp/ego-planner/devel/.private/kr_tracker_msgs/include/kr_tracker_msgs/LineTrackerFeedback.h, /home/grasp/ego-planner/devel/include/kr_tracker_msgs/LineTrackerFeedback.h)
Linked: (/home/grasp/ego-planner/devel/.private/kr_tracker_msgs/include/kr_tracker_msgs/VelocityTrackerResult.h, /home/grasp/ego-planner/devel/include/kr_tracker_msgs/VelocityTrackerResult.h)
Linked: (/home/grasp/ego-planner/devel/.private/kr_tracker_msgs/include/kr_tracker_msgs/Polynomial.h, /home/grasp/ego-planner/devel/include/kr_tracker_msgs/Polynomial.h)
Linked: (/home/grasp/ego-planner/devel/.private/kr_tracker_msgs/include/kr_tracker_msgs/LissajousTrackerActionGoal.h, /home/grasp/ego-planner/devel/include/kr_tracker_msgs/LissajousTrackerActionGoal.h)
Linked: (/home/grasp/ego-planner/devel/.private/kr_tracker_msgs/include/kr_tracker_msgs/CircleTrackerAction.h, /home/grasp/ego-planner/devel/include/kr_tracker_msgs/CircleTrackerAction.h)
Linked: (/home/grasp/ego-planner/devel/.private/kr_tracker_msgs/include/kr_tracker_msgs/LineTrackerGoal.h, /home/grasp/ego-planner/devel/include/kr_tracker_msgs/LineTrackerGoal.h)
Linked: (/home/grasp/ego-planner/devel/.private/kr_tracker_msgs/include/kr_tracker_msgs/TrajectoryTrackerFeedback.h, /home/grasp/ego-planner/devel/include/kr_tracker_msgs/TrajectoryTrackerFeedback.h)
Linked: (/home/grasp/ego-planner/devel/.private/kr_tracker_msgs/include/kr_tracker_msgs/LissajousTrackerActionResult.h, /home/grasp/ego-planner/devel/include/kr_tracker_msgs/LissajousTrackerActionResult.h)
Linked: (/home/grasp/ego-planner/devel/.private/kr_tracker_msgs/include/kr_tracker_msgs/PolyTrackerActionGoal.h, /home/grasp/ego-planner/devel/include/kr_tracker_msgs/PolyTrackerActionGoal.h)
Linked: (/home/grasp/ego-planner/devel/.private/kr_tracker_msgs/include/kr_tracker_msgs/TrajectoryTrackerActionFeedback.h, /home/grasp/ego-planner/devel/include/kr_tracker_msgs/TrajectoryTrackerActionFeedback.h)
Linked: (/home/grasp/ego-planner/devel/.private/kr_tracker_msgs/include/kr_tracker_msgs/LissajousAdderFeedback.h, /home/grasp/ego-planner/devel/include/kr_tracker_msgs/LissajousAdderFeedback.h)
Linked: (/home/grasp/ego-planner/devel/.private/kr_tracker_msgs/include/kr_tracker_msgs/LissajousTrackerAction.h, /home/grasp/ego-planner/devel/include/kr_tracker_msgs/LissajousTrackerAction.h)
Linked: (/home/grasp/ego-planner/devel/.private/kr_tracker_msgs/include/kr_tracker_msgs/LissajousAdderGoal.h, /home/grasp/ego-planner/devel/include/kr_tracker_msgs/LissajousAdderGoal.h)
Linked: (/home/grasp/ego-planner/devel/.private/kr_tracker_msgs/include/kr_tracker_msgs/LineTrackerResult.h, /home/grasp/ego-planner/devel/include/kr_tracker_msgs/LineTrackerResult.h)
Linked: (/home/grasp/ego-planner/devel/.private/kr_tracker_msgs/include/kr_tracker_msgs/LissajousAdderAction.h, /home/grasp/ego-planner/devel/include/kr_tracker_msgs/LissajousAdderAction.h)
Linked: (/home/grasp/ego-planner/devel/.private/kr_tracker_msgs/include/kr_tracker_msgs/LissajousAdderActionGoal.h, /home/grasp/ego-planner/devel/include/kr_tracker_msgs/LissajousAdderActionGoal.h)
Linked: (/home/grasp/ego-planner/devel/.private/kr_tracker_msgs/include/kr_tracker_msgs/LineTrackerActionResult.h, /home/grasp/ego-planner/devel/include/kr_tracker_msgs/LineTrackerActionResult.h)
Linked: (/home/grasp/ego-planner/devel/.private/kr_tracker_msgs/share/common-lisp/ros/kr_tracker_msgs/msg/_package_LissajousTrackerActionResult.lisp, /home/grasp/ego-planner/devel/share/common-lisp/ros/kr_tracker_msgs/msg/_package_LissajousTrackerActionResult.lisp)
Linked: (/home/grasp/ego-planner/devel/.private/kr_tracker_msgs/share/common-lisp/ros/kr_tracker_msgs/msg/_package_LissajousTrackerGoal.lisp, /home/grasp/ego-planner/devel/share/common-lisp/ros/kr_tracker_msgs/msg/_package_LissajousTrackerGoal.lisp)
Linked: (/home/grasp/ego-planner/devel/.private/kr_tracker_msgs/share/common-lisp/ros/kr_tracker_msgs/msg/Polynomial.lisp, /home/grasp/ego-planner/devel/share/common-lisp/ros/kr_tracker_msgs/msg/Polynomial.lisp)
Linked: (/home/grasp/ego-planner/devel/.private/kr_tracker_msgs/share/common-lisp/ros/kr_tracker_msgs/msg/_package_LissajousAdderFeedback.lisp, /home/grasp/ego-planner/devel/share/common-lisp/ros/kr_tracker_msgs/msg/_package_LissajousAdderFeedback.lisp)
Linked: (/home/grasp/ego-planner/devel/.private/kr_tracker_msgs/share/common-lisp/ros/kr_tracker_msgs/msg/_package_VelocityTrackerFeedback.lisp, /home/grasp/ego-planner/devel/share/common-lisp/ros/kr_tracker_msgs/msg/_package_VelocityTrackerFeedback.lisp)
Linked: (/home/grasp/ego-planner/devel/.private/kr_tracker_msgs/share/common-lisp/ros/kr_tracker_msgs/msg/_package_TrajectoryTrackerActionGoal.lisp, /home/grasp/ego-planner/devel/share/common-lisp/ros/kr_tracker_msgs/msg/_package_TrajectoryTrackerActionGoal.lisp)
Linked: (/home/grasp/ego-planner/devel/.private/kr_tracker_msgs/share/common-lisp/ros/kr_tracker_msgs/msg/_package_PolyTrackerActionGoal.lisp, /home/grasp/ego-planner/devel/share/common-lisp/ros/kr_tracker_msgs/msg/_package_PolyTrackerActionGoal.lisp)
Linked: (/home/grasp/ego-planner/devel/.private/kr_tracker_msgs/share/common-lisp/ros/kr_tracker_msgs/msg/LissajousTrackerResult.lisp, /home/grasp/ego-planner/devel/share/common-lisp/ros/kr_tracker_msgs/msg/LissajousTrackerResult.lisp)
Linked: (/home/grasp/ego-planner/devel/.private/kr_tracker_msgs/share/common-lisp/ros/kr_tracker_msgs/msg/LissajousAdderActionGoal.lisp, /home/grasp/ego-planner/devel/share/common-lisp/ros/kr_tracker_msgs/msg/LissajousAdderActionGoal.lisp)
Linked: (/home/grasp/ego-planner/devel/.private/kr_tracker_msgs/share/common-lisp/ros/kr_tracker_msgs/msg/PolyTrackerActionGoal.lisp, /home/grasp/ego-planner/devel/share/common-lisp/ros/kr_tracker_msgs/msg/PolyTrackerActionGoal.lisp)
Linked: (/home/grasp/ego-planner/devel/.private/kr_tracker_msgs/share/common-lisp/ros/kr_tracker_msgs/msg/_package_PolyTrackerGoal.lisp, /home/grasp/ego-planner/devel/share/common-lisp/ros/kr_tracker_msgs/msg/_package_PolyTrackerGoal.lisp)
Linked: (/home/grasp/ego-planner/devel/.private/kr_tracker_msgs/share/common-lisp/ros/kr_tracker_msgs/msg/LissajousTrackerActionResult.lisp, /home/grasp/ego-planner/devel/share/common-lisp/ros/kr_tracker_msgs/msg/LissajousTrackerActionResult.lisp)
Linked: (/home/grasp/ego-planner/devel/.private/kr_tracker_msgs/share/common-lisp/ros/kr_tracker_msgs/msg/_package_Polynomial.lisp, /home/grasp/ego-planner/devel/share/common-lisp/ros/kr_tracker_msgs/msg/_package_Polynomial.lisp)
Linked: (/home/grasp/ego-planner/devel/.private/kr_tracker_msgs/share/common-lisp/ros/kr_tracker_msgs/msg/LineTrackerAction.lisp, /home/grasp/ego-planner/devel/share/common-lisp/ros/kr_tracker_msgs/msg/LineTrackerAction.lisp)
Linked: (/home/grasp/ego-planner/devel/.private/kr_tracker_msgs/share/common-lisp/ros/kr_tracker_msgs/msg/_package_TrajectoryTrackerGoal.lisp, /home/grasp/ego-planner/devel/share/common-lisp/ros/kr_tracker_msgs/msg/_package_TrajectoryTrackerGoal.lisp)
Linked: (/home/grasp/ego-planner/devel/.private/kr_tracker_msgs/share/common-lisp/ros/kr_tracker_msgs/msg/_package_LissajousAdderGoal.lisp, /home/grasp/ego-planner/devel/share/common-lisp/ros/kr_tracker_msgs/msg/_package_LissajousAdderGoal.lisp)
Linked: (/home/grasp/ego-planner/devel/.private/kr_tracker_msgs/share/common-lisp/ros/kr_tracker_msgs/msg/VelocityTrackerActionFeedback.lisp, /home/grasp/ego-planner/devel/share/common-lisp/ros/kr_tracker_msgs/msg/VelocityTrackerActionFeedback.lisp)
Linked: (/home/grasp/ego-planner/devel/.private/kr_tracker_msgs/share/common-lisp/ros/kr_tracker_msgs/msg/TrajectoryTrackerActionResult.lisp, /home/grasp/ego-planner/devel/share/common-lisp/ros/kr_tracker_msgs/msg/TrajectoryTrackerActionResult.lisp)
Linked: (/home/grasp/ego-planner/devel/.private/kr_tracker_msgs/share/common-lisp/ros/kr_tracker_msgs/msg/_package_LineTrackerActionGoal.lisp, /home/grasp/ego-planner/devel/share/common-lisp/ros/kr_tracker_msgs/msg/_package_LineTrackerActionGoal.lisp)
Linked: (/home/grasp/ego-planner/devel/.private/kr_tracker_msgs/share/common-lisp/ros/kr_tracker_msgs/msg/_package_CircleTrackerActionResult.lisp, /home/grasp/ego-planner/devel/share/common-lisp/ros/kr_tracker_msgs/msg/_package_CircleTrackerActionResult.lisp)
Linked: (/home/grasp/ego-planner/devel/.private/kr_tracker_msgs/share/common-lisp/ros/kr_tracker_msgs/msg/_package_CircleTrackerActionGoal.lisp, /home/grasp/ego-planner/devel/share/common-lisp/ros/kr_tracker_msgs/msg/_package_CircleTrackerActionGoal.lisp)
Linked: (/home/grasp/ego-planner/devel/.private/kr_tracker_msgs/share/common-lisp/ros/kr_tracker_msgs/msg/TrajectoryTrackerAction.lisp, /home/grasp/ego-planner/devel/share/common-lisp/ros/kr_tracker_msgs/msg/TrajectoryTrackerAction.lisp)
Linked: (/home/grasp/ego-planner/devel/.private/kr_tracker_msgs/share/common-lisp/ros/kr_tracker_msgs/msg/VelocityTrackerGoal.lisp, /home/grasp/ego-planner/devel/share/common-lisp/ros/kr_tracker_msgs/msg/VelocityTrackerGoal.lisp)
Linked: (/home/grasp/ego-planner/devel/.private/kr_tracker_msgs/share/common-lisp/ros/kr_tracker_msgs/msg/_package.lisp, /home/grasp/ego-planner/devel/share/common-lisp/ros/kr_tracker_msgs/msg/_package.lisp)
Linked: (/home/grasp/ego-planner/devel/.private/kr_tracker_msgs/share/common-lisp/ros/kr_tracker_msgs/msg/LissajousTrackerActionGoal.lisp, /home/grasp/ego-planner/devel/share/common-lisp/ros/kr_tracker_msgs/msg/LissajousTrackerActionGoal.lisp)
Linked: (/home/grasp/ego-planner/devel/.private/kr_tracker_msgs/share/common-lisp/ros/kr_tracker_msgs/msg/CircleTrackerAction.lisp, /home/grasp/ego-planner/devel/share/common-lisp/ros/kr_tracker_msgs/msg/CircleTrackerAction.lisp)
Linked: (/home/grasp/ego-planner/devel/.private/kr_tracker_msgs/share/common-lisp/ros/kr_tracker_msgs/msg/TrajectoryTrackerActionGoal.lisp, /home/grasp/ego-planner/devel/share/common-lisp/ros/kr_tracker_msgs/msg/TrajectoryTrackerActionGoal.lisp)
Linked: (/home/grasp/ego-planner/devel/.private/kr_tracker_msgs/share/common-lisp/ros/kr_tracker_msgs/msg/_package_LissajousAdderActionResult.lisp, /home/grasp/ego-planner/devel/share/common-lisp/ros/kr_tracker_msgs/msg/_package_LissajousAdderActionResult.lisp)
Linked: (/home/grasp/ego-planner/devel/.private/kr_tracker_msgs/share/common-lisp/ros/kr_tracker_msgs/msg/kr_tracker_msgs-msg.asd, /home/grasp/ego-planner/devel/share/common-lisp/ros/kr_tracker_msgs/msg/kr_tracker_msgs-msg.asd)
Linked: (/home/grasp/ego-planner/devel/.private/kr_tracker_msgs/share/common-lisp/ros/kr_tracker_msgs/msg/PolyTrackerAction.lisp, /home/grasp/ego-planner/devel/share/common-lisp/ros/kr_tracker_msgs/msg/PolyTrackerAction.lisp)
Linked: (/home/grasp/ego-planner/devel/.private/kr_tracker_msgs/share/common-lisp/ros/kr_tracker_msgs/msg/_package_TrajectoryTrackerActionFeedback.lisp, /home/grasp/ego-planner/devel/share/common-lisp/ros/kr_tracker_msgs/msg/_package_TrajectoryTrackerActionFeedback.lisp)
Linked: (/home/grasp/ego-planner/devel/.private/kr_tracker_msgs/share/common-lisp/ros/kr_tracker_msgs/msg/LineTrackerGoal.lisp, /home/grasp/ego-planner/devel/share/common-lisp/ros/kr_tracker_msgs/msg/LineTrackerGoal.lisp)
Linked: (/home/grasp/ego-planner/devel/.private/kr_tracker_msgs/share/common-lisp/ros/kr_tracker_msgs/msg/TrajectoryTrackerResult.lisp, /home/grasp/ego-planner/devel/share/common-lisp/ros/kr_tracker_msgs/msg/TrajectoryTrackerResult.lisp)
Linked: (/home/grasp/ego-planner/devel/.private/kr_tracker_msgs/share/common-lisp/ros/kr_tracker_msgs/msg/_package_LineTrackerAction.lisp, /home/grasp/ego-planner/devel/share/common-lisp/ros/kr_tracker_msgs/msg/_package_LineTrackerAction.lisp)
Linked: (/home/grasp/ego-planner/devel/.private/kr_tracker_msgs/share/common-lisp/ros/kr_tracker_msgs/msg/_package_LissajousTrackerActionFeedback.lisp, /home/grasp/ego-planner/devel/share/common-lisp/ros/kr_tracker_msgs/msg/_package_LissajousTrackerActionFeedback.lisp)
Linked: (/home/grasp/ego-planner/devel/.private/kr_tracker_msgs/share/common-lisp/ros/kr_tracker_msgs/msg/_package_VelocityTrackerActionResult.lisp, /home/grasp/ego-planner/devel/share/common-lisp/ros/kr_tracker_msgs/msg/_package_VelocityTrackerActionResult.lisp)
Linked: (/home/grasp/ego-planner/devel/.private/kr_tracker_msgs/share/common-lisp/ros/kr_tracker_msgs/msg/_package_LissajousTrackerActionGoal.lisp, /home/grasp/ego-planner/devel/share/common-lisp/ros/kr_tracker_msgs/msg/_package_LissajousTrackerActionGoal.lisp)
Linked: (/home/grasp/ego-planner/devel/.private/kr_tracker_msgs/share/common-lisp/ros/kr_tracker_msgs/msg/LissajousAdderActionFeedback.lisp, /home/grasp/ego-planner/devel/share/common-lisp/ros/kr_tracker_msgs/msg/LissajousAdderActionFeedback.lisp)
Linked: (/home/grasp/ego-planner/devel/.private/kr_tracker_msgs/share/common-lisp/ros/kr_tracker_msgs/msg/_package_CircleTrackerResult.lisp, /home/grasp/ego-planner/devel/share/common-lisp/ros/kr_tracker_msgs/msg/_package_CircleTrackerResult.lisp)
Linked: (/home/grasp/ego-planner/devel/.private/kr_tracker_msgs/share/common-lisp/ros/kr_tracker_msgs/msg/LineTrackerActionFeedback.lisp, /home/grasp/ego-planner/devel/share/common-lisp/ros/kr_tracker_msgs/msg/LineTrackerActionFeedback.lisp)
Linked: (/home/grasp/ego-planner/devel/.private/kr_tracker_msgs/share/common-lisp/ros/kr_tracker_msgs/msg/_package_TrajectoryTrackerFeedback.lisp, /home/grasp/ego-planner/devel/share/common-lisp/ros/kr_tracker_msgs/msg/_package_TrajectoryTrackerFeedback.lisp)
Linked: (/home/grasp/ego-planner/devel/.private/kr_tracker_msgs/share/common-lisp/ros/kr_tracker_msgs/msg/PolyTrackerActionResult.lisp, /home/grasp/ego-planner/devel/share/common-lisp/ros/kr_tracker_msgs/msg/PolyTrackerActionResult.lisp)
Linked: (/home/grasp/ego-planner/devel/.private/kr_tracker_msgs/share/common-lisp/ros/kr_tracker_msgs/msg/PolyTrackerFeedback.lisp, /home/grasp/ego-planner/devel/share/common-lisp/ros/kr_tracker_msgs/msg/PolyTrackerFeedback.lisp)
Linked: (/home/grasp/ego-planner/devel/.private/kr_tracker_msgs/share/common-lisp/ros/kr_tracker_msgs/msg/_package_VelocityTrackerActionFeedback.lisp, /home/grasp/ego-planner/devel/share/common-lisp/ros/kr_tracker_msgs/msg/_package_VelocityTrackerActionFeedback.lisp)
Linked: (/home/grasp/ego-planner/devel/.private/kr_tracker_msgs/share/common-lisp/ros/kr_tracker_msgs/msg/_package_LineTrackerResult.lisp, /home/grasp/ego-planner/devel/share/common-lisp/ros/kr_tracker_msgs/msg/_package_LineTrackerResult.lisp)
Linked: (/home/grasp/ego-planner/devel/.private/kr_tracker_msgs/share/common-lisp/ros/kr_tracker_msgs/msg/VelocityTrackerActionGoal.lisp, /home/grasp/ego-planner/devel/share/common-lisp/ros/kr_tracker_msgs/msg/VelocityTrackerActionGoal.lisp)
Linked: (/home/grasp/ego-planner/devel/.private/kr_tracker_msgs/share/common-lisp/ros/kr_tracker_msgs/msg/LissajousAdderGoal.lisp, /home/grasp/ego-planner/devel/share/common-lisp/ros/kr_tracker_msgs/msg/LissajousAdderGoal.lisp)
Linked: (/home/grasp/ego-planner/devel/.private/kr_tracker_msgs/share/common-lisp/ros/kr_tracker_msgs/msg/TrajectoryTrackerActionFeedback.lisp, /home/grasp/ego-planner/devel/share/common-lisp/ros/kr_tracker_msgs/msg/TrajectoryTrackerActionFeedback.lisp)
Linked: (/home/grasp/ego-planner/devel/.private/kr_tracker_msgs/share/common-lisp/ros/kr_tracker_msgs/msg/CircleTrackerActionGoal.lisp, /home/grasp/ego-planner/devel/share/common-lisp/ros/kr_tracker_msgs/msg/CircleTrackerActionGoal.lisp)
Linked: (/home/grasp/ego-planner/devel/.private/kr_tracker_msgs/share/common-lisp/ros/kr_tracker_msgs/msg/VelocityTrackerAction.lisp, /home/grasp/ego-planner/devel/share/common-lisp/ros/kr_tracker_msgs/msg/VelocityTrackerAction.lisp)
Linked: (/home/grasp/ego-planner/devel/.private/kr_tracker_msgs/share/common-lisp/ros/kr_tracker_msgs/msg/_package_TrajectoryTrackerResult.lisp, /home/grasp/ego-planner/devel/share/common-lisp/ros/kr_tracker_msgs/msg/_package_TrajectoryTrackerResult.lisp)
Linked: (/home/grasp/ego-planner/devel/.private/kr_tracker_msgs/share/common-lisp/ros/kr_tracker_msgs/msg/LineTrackerActionResult.lisp, /home/grasp/ego-planner/devel/share/common-lisp/ros/kr_tracker_msgs/msg/LineTrackerActionResult.lisp)
Linked: (/home/grasp/ego-planner/devel/.private/kr_tracker_msgs/share/common-lisp/ros/kr_tracker_msgs/msg/LissajousTrackerAction.lisp, /home/grasp/ego-planner/devel/share/common-lisp/ros/kr_tracker_msgs/msg/LissajousTrackerAction.lisp)
Linked: (/home/grasp/ego-planner/devel/.private/kr_tracker_msgs/share/common-lisp/ros/kr_tracker_msgs/msg/VelocityTrackerActionResult.lisp, /home/grasp/ego-planner/devel/share/common-lisp/ros/kr_tracker_msgs/msg/VelocityTrackerActionResult.lisp)
Linked: (/home/grasp/ego-planner/devel/.private/kr_tracker_msgs/share/common-lisp/ros/kr_tracker_msgs/msg/LissajousAdderAction.lisp, /home/grasp/ego-planner/devel/share/common-lisp/ros/kr_tracker_msgs/msg/LissajousAdderAction.lisp)
Linked: (/home/grasp/ego-planner/devel/.private/kr_tracker_msgs/share/common-lisp/ros/kr_tracker_msgs/msg/_package_PolyTrackerResult.lisp, /home/grasp/ego-planner/devel/share/common-lisp/ros/kr_tracker_msgs/msg/_package_PolyTrackerResult.lisp)
Linked: (/home/grasp/ego-planner/devel/.private/kr_tracker_msgs/share/common-lisp/ros/kr_tracker_msgs/msg/LineTrackerResult.lisp, /home/grasp/ego-planner/devel/share/common-lisp/ros/kr_tracker_msgs/msg/LineTrackerResult.lisp)
Linked: (/home/grasp/ego-planner/devel/.private/kr_tracker_msgs/share/common-lisp/ros/kr_tracker_msgs/msg/LineTrackerFeedback.lisp, /home/grasp/ego-planner/devel/share/common-lisp/ros/kr_tracker_msgs/msg/LineTrackerFeedback.lisp)
Linked: (/home/grasp/ego-planner/devel/.private/kr_tracker_msgs/share/common-lisp/ros/kr_tracker_msgs/msg/_package_LissajousTrackerFeedback.lisp, /home/grasp/ego-planner/devel/share/common-lisp/ros/kr_tracker_msgs/msg/_package_LissajousTrackerFeedback.lisp)
Linked: (/home/grasp/ego-planner/devel/.private/kr_tracker_msgs/share/common-lisp/ros/kr_tracker_msgs/msg/_package_LissajousAdderActionGoal.lisp, /home/grasp/ego-planner/devel/share/common-lisp/ros/kr_tracker_msgs/msg/_package_LissajousAdderActionGoal.lisp)
Linked: (/home/grasp/ego-planner/devel/.private/kr_tracker_msgs/share/common-lisp/ros/kr_tracker_msgs/msg/_package_PolyTrackerActionFeedback.lisp, /home/grasp/ego-planner/devel/share/common-lisp/ros/kr_tracker_msgs/msg/_package_PolyTrackerActionFeedback.lisp)
Linked: (/home/grasp/ego-planner/devel/.private/kr_tracker_msgs/share/common-lisp/ros/kr_tracker_msgs/msg/_package_PolyTrackerFeedback.lisp, /home/grasp/ego-planner/devel/share/common-lisp/ros/kr_tracker_msgs/msg/_package_PolyTrackerFeedback.lisp)
Linked: (/home/grasp/ego-planner/devel/.private/kr_tracker_msgs/share/common-lisp/ros/kr_tracker_msgs/msg/_package_LissajousTrackerResult.lisp, /home/grasp/ego-planner/devel/share/common-lisp/ros/kr_tracker_msgs/msg/_package_LissajousTrackerResult.lisp)
Linked: (/home/grasp/ego-planner/devel/.private/kr_tracker_msgs/share/common-lisp/ros/kr_tracker_msgs/msg/_package_LineTrackerGoal.lisp, /home/grasp/ego-planner/devel/share/common-lisp/ros/kr_tracker_msgs/msg/_package_LineTrackerGoal.lisp)
Linked: (/home/grasp/ego-planner/devel/.private/kr_tracker_msgs/share/common-lisp/ros/kr_tracker_msgs/msg/VelocityGoal.lisp, /home/grasp/ego-planner/devel/share/common-lisp/ros/kr_tracker_msgs/msg/VelocityGoal.lisp)
Linked: (/home/grasp/ego-planner/devel/.private/kr_tracker_msgs/share/common-lisp/ros/kr_tracker_msgs/msg/_package_VelocityTrackerActionGoal.lisp, /home/grasp/ego-planner/devel/share/common-lisp/ros/kr_tracker_msgs/msg/_package_VelocityTrackerActionGoal.lisp)
Linked: (/home/grasp/ego-planner/devel/.private/kr_tracker_msgs/share/common-lisp/ros/kr_tracker_msgs/msg/PolyTrackerActionFeedback.lisp, /home/grasp/ego-planner/devel/share/common-lisp/ros/kr_tracker_msgs/msg/PolyTrackerActionFeedback.lisp)
Linked: (/home/grasp/ego-planner/devel/.private/kr_tracker_msgs/share/common-lisp/ros/kr_tracker_msgs/msg/TrajectoryTrackerGoal.lisp, /home/grasp/ego-planner/devel/share/common-lisp/ros/kr_tracker_msgs/msg/TrajectoryTrackerGoal.lisp)
Linked: (/home/grasp/ego-planner/devel/.private/kr_tracker_msgs/share/common-lisp/ros/kr_tracker_msgs/msg/_package_LissajousAdderActionFeedback.lisp, /home/grasp/ego-planner/devel/share/common-lisp/ros/kr_tracker_msgs/msg/_package_LissajousAdderActionFeedback.lisp)
Linked: (/home/grasp/ego-planner/devel/.private/kr_tracker_msgs/share/common-lisp/ros/kr_tracker_msgs/msg/CircleTrackerActionResult.lisp, /home/grasp/ego-planner/devel/share/common-lisp/ros/kr_tracker_msgs/msg/CircleTrackerActionResult.lisp)
Linked: (/home/grasp/ego-planner/devel/.private/kr_tracker_msgs/share/common-lisp/ros/kr_tracker_msgs/msg/CircleTrackerGoal.lisp, /home/grasp/ego-planner/devel/share/common-lisp/ros/kr_tracker_msgs/msg/CircleTrackerGoal.lisp)
Linked: (/home/grasp/ego-planner/devel/.private/kr_tracker_msgs/share/common-lisp/ros/kr_tracker_msgs/msg/CircleTrackerResult.lisp, /home/grasp/ego-planner/devel/share/common-lisp/ros/kr_tracker_msgs/msg/CircleTrackerResult.lisp)
Linked: (/home/grasp/ego-planner/devel/.private/kr_tracker_msgs/share/common-lisp/ros/kr_tracker_msgs/msg/_package_LissajousAdderAction.lisp, /home/grasp/ego-planner/devel/share/common-lisp/ros/kr_tracker_msgs/msg/_package_LissajousAdderAction.lisp)
Linked: (/home/grasp/ego-planner/devel/.private/kr_tracker_msgs/share/common-lisp/ros/kr_tracker_msgs/msg/LissajousTrackerGoal.lisp, /home/grasp/ego-planner/devel/share/common-lisp/ros/kr_tracker_msgs/msg/LissajousTrackerGoal.lisp)
Linked: (/home/grasp/ego-planner/devel/.private/kr_tracker_msgs/share/common-lisp/ros/kr_tracker_msgs/msg/PolyTrackerResult.lisp, /home/grasp/ego-planner/devel/share/common-lisp/ros/kr_tracker_msgs/msg/PolyTrackerResult.lisp)
Linked: (/home/grasp/ego-planner/devel/.private/kr_tracker_msgs/share/common-lisp/ros/kr_tracker_msgs/msg/LissajousAdderResult.lisp, /home/grasp/ego-planner/devel/share/common-lisp/ros/kr_tracker_msgs/msg/LissajousAdderResult.lisp)
Linked: (/home/grasp/ego-planner/devel/.private/kr_tracker_msgs/share/common-lisp/ros/kr_tracker_msgs/msg/LissajousTrackerFeedback.lisp, /home/grasp/ego-planner/devel/share/common-lisp/ros/kr_tracker_msgs/msg/LissajousTrackerFeedback.lisp)
Linked: (/home/grasp/ego-planner/devel/.private/kr_tracker_msgs/share/common-lisp/ros/kr_tracker_msgs/msg/_package_PolyTrackerActionResult.lisp, /home/grasp/ego-planner/devel/share/common-lisp/ros/kr_tracker_msgs/msg/_package_PolyTrackerActionResult.lisp)
Linked: (/home/grasp/ego-planner/devel/.private/kr_tracker_msgs/share/common-lisp/ros/kr_tracker_msgs/msg/_package_LissajousTrackerAction.lisp, /home/grasp/ego-planner/devel/share/common-lisp/ros/kr_tracker_msgs/msg/_package_LissajousTrackerAction.lisp)
Linked: (/home/grasp/ego-planner/devel/.private/kr_tracker_msgs/share/common-lisp/ros/kr_tracker_msgs/msg/CircleTrackerFeedback.lisp, /home/grasp/ego-planner/devel/share/common-lisp/ros/kr_tracker_msgs/msg/CircleTrackerFeedback.lisp)
Linked: (/home/grasp/ego-planner/devel/.private/kr_tracker_msgs/share/common-lisp/ros/kr_tracker_msgs/msg/_package_VelocityTrackerResult.lisp, /home/grasp/ego-planner/devel/share/common-lisp/ros/kr_tracker_msgs/msg/_package_VelocityTrackerResult.lisp)
Linked: (/home/grasp/ego-planner/devel/.private/kr_tracker_msgs/share/common-lisp/ros/kr_tracker_msgs/msg/_package_VelocityTrackerAction.lisp, /home/grasp/ego-planner/devel/share/common-lisp/ros/kr_tracker_msgs/msg/_package_VelocityTrackerAction.lisp)
Linked: (/home/grasp/ego-planner/devel/.private/kr_tracker_msgs/share/common-lisp/ros/kr_tracker_msgs/msg/CircleTrackerActionFeedback.lisp, /home/grasp/ego-planner/devel/share/common-lisp/ros/kr_tracker_msgs/msg/CircleTrackerActionFeedback.lisp)
Linked: (/home/grasp/ego-planner/devel/.private/kr_tracker_msgs/share/common-lisp/ros/kr_tracker_msgs/msg/LineTrackerActionGoal.lisp, /home/grasp/ego-planner/devel/share/common-lisp/ros/kr_tracker_msgs/msg/LineTrackerActionGoal.lisp)
Linked: (/home/grasp/ego-planner/devel/.private/kr_tracker_msgs/share/common-lisp/ros/kr_tracker_msgs/msg/_package_TrajectoryTrackerActionResult.lisp, /home/grasp/ego-planner/devel/share/common-lisp/ros/kr_tracker_msgs/msg/_package_TrajectoryTrackerActionResult.lisp)
Linked: (/home/grasp/ego-planner/devel/.private/kr_tracker_msgs/share/common-lisp/ros/kr_tracker_msgs/msg/_package_CircleTrackerGoal.lisp, /home/grasp/ego-planner/devel/share/common-lisp/ros/kr_tracker_msgs/msg/_package_CircleTrackerGoal.lisp)
Linked: (/home/grasp/ego-planner/devel/.private/kr_tracker_msgs/share/common-lisp/ros/kr_tracker_msgs/msg/_package_CircleTrackerActionFeedback.lisp, /home/grasp/ego-planner/devel/share/common-lisp/ros/kr_tracker_msgs/msg/_package_CircleTrackerActionFeedback.lisp)
Linked: (/home/grasp/ego-planner/devel/.private/kr_tracker_msgs/share/common-lisp/ros/kr_tracker_msgs/msg/_package_PolyTrackerAction.lisp, /home/grasp/ego-planner/devel/share/common-lisp/ros/kr_tracker_msgs/msg/_package_PolyTrackerAction.lisp)
Linked: (/home/grasp/ego-planner/devel/.private/kr_tracker_msgs/share/common-lisp/ros/kr_tracker_msgs/msg/_package_TrajectoryTrackerAction.lisp, /home/grasp/ego-planner/devel/share/common-lisp/ros/kr_tracker_msgs/msg/_package_TrajectoryTrackerAction.lisp)
Linked: (/home/grasp/ego-planner/devel/.private/kr_tracker_msgs/share/common-lisp/ros/kr_tracker_msgs/msg/_package_LissajousAdderResult.lisp, /home/grasp/ego-planner/devel/share/common-lisp/ros/kr_tracker_msgs/msg/_package_LissajousAdderResult.lisp)
Linked: (/home/grasp/ego-planner/devel/.private/kr_tracker_msgs/share/common-lisp/ros/kr_tracker_msgs/msg/TrajectoryTrackerFeedback.lisp, /home/grasp/ego-planner/devel/share/common-lisp/ros/kr_tracker_msgs/msg/TrajectoryTrackerFeedback.lisp)
Linked: (/home/grasp/ego-planner/devel/.private/kr_tracker_msgs/share/common-lisp/ros/kr_tracker_msgs/msg/TrackerStatus.lisp, /home/grasp/ego-planner/devel/share/common-lisp/ros/kr_tracker_msgs/msg/TrackerStatus.lisp)
Linked: (/home/grasp/ego-planner/devel/.private/kr_tracker_msgs/share/common-lisp/ros/kr_tracker_msgs/msg/_package_LineTrackerFeedback.lisp, /home/grasp/ego-planner/devel/share/common-lisp/ros/kr_tracker_msgs/msg/_package_LineTrackerFeedback.lisp)
Linked: (/home/grasp/ego-planner/devel/.private/kr_tracker_msgs/share/common-lisp/ros/kr_tracker_msgs/msg/LissajousTrackerActionFeedback.lisp, /home/grasp/ego-planner/devel/share/common-lisp/ros/kr_tracker_msgs/msg/LissajousTrackerActionFeedback.lisp)
Linked: (/home/grasp/ego-planner/devel/.private/kr_tracker_msgs/share/common-lisp/ros/kr_tracker_msgs/msg/_package_TrackerStatus.lisp, /home/grasp/ego-planner/devel/share/common-lisp/ros/kr_tracker_msgs/msg/_package_TrackerStatus.lisp)
Linked: (/home/grasp/ego-planner/devel/.private/kr_tracker_msgs/share/common-lisp/ros/kr_tracker_msgs/msg/_package_VelocityGoal.lisp, /home/grasp/ego-planner/devel/share/common-lisp/ros/kr_tracker_msgs/msg/_package_VelocityGoal.lisp)
Linked: (/home/grasp/ego-planner/devel/.private/kr_tracker_msgs/share/common-lisp/ros/kr_tracker_msgs/msg/VelocityTrackerResult.lisp, /home/grasp/ego-planner/devel/share/common-lisp/ros/kr_tracker_msgs/msg/VelocityTrackerResult.lisp)
Linked: (/home/grasp/ego-planner/devel/.private/kr_tracker_msgs/share/common-lisp/ros/kr_tracker_msgs/msg/VelocityTrackerFeedback.lisp, /home/grasp/ego-planner/devel/share/common-lisp/ros/kr_tracker_msgs/msg/VelocityTrackerFeedback.lisp)
Linked: (/home/grasp/ego-planner/devel/.private/kr_tracker_msgs/share/common-lisp/ros/kr_tracker_msgs/msg/_package_VelocityTrackerGoal.lisp, /home/grasp/ego-planner/devel/share/common-lisp/ros/kr_tracker_msgs/msg/_package_VelocityTrackerGoal.lisp)
Linked: (/home/grasp/ego-planner/devel/.private/kr_tracker_msgs/share/common-lisp/ros/kr_tracker_msgs/msg/_package_LineTrackerActionResult.lisp, /home/grasp/ego-planner/devel/share/common-lisp/ros/kr_tracker_msgs/msg/_package_LineTrackerActionResult.lisp)
Linked: (/home/grasp/ego-planner/devel/.private/kr_tracker_msgs/share/common-lisp/ros/kr_tracker_msgs/msg/_package_CircleTrackerFeedback.lisp, /home/grasp/ego-planner/devel/share/common-lisp/ros/kr_tracker_msgs/msg/_package_CircleTrackerFeedback.lisp)
Linked: (/home/grasp/ego-planner/devel/.private/kr_tracker_msgs/share/common-lisp/ros/kr_tracker_msgs/msg/_package_CircleTrackerAction.lisp, /home/grasp/ego-planner/devel/share/common-lisp/ros/kr_tracker_msgs/msg/_package_CircleTrackerAction.lisp)
Linked: (/home/grasp/ego-planner/devel/.private/kr_tracker_msgs/share/common-lisp/ros/kr_tracker_msgs/msg/LissajousAdderActionResult.lisp, /home/grasp/ego-planner/devel/share/common-lisp/ros/kr_tracker_msgs/msg/LissajousAdderActionResult.lisp)
Linked: (/home/grasp/ego-planner/devel/.private/kr_tracker_msgs/share/common-lisp/ros/kr_tracker_msgs/msg/LissajousAdderFeedback.lisp, /home/grasp/ego-planner/devel/share/common-lisp/ros/kr_tracker_msgs/msg/LissajousAdderFeedback.lisp)
Linked: (/home/grasp/ego-planner/devel/.private/kr_tracker_msgs/share/common-lisp/ros/kr_tracker_msgs/msg/_package_LineTrackerActionFeedback.lisp, /home/grasp/ego-planner/devel/share/common-lisp/ros/kr_tracker_msgs/msg/_package_LineTrackerActionFeedback.lisp)
Linked: (/home/grasp/ego-planner/devel/.private/kr_tracker_msgs/share/common-lisp/ros/kr_tracker_msgs/msg/PolyTrackerGoal.lisp, /home/grasp/ego-planner/devel/share/common-lisp/ros/kr_tracker_msgs/msg/PolyTrackerGoal.lisp)
Linked: (/home/grasp/ego-planner/devel/.private/kr_tracker_msgs/share/common-lisp/ros/kr_tracker_msgs/srv/kr_tracker_msgs-srv.asd, /home/grasp/ego-planner/devel/share/common-lisp/ros/kr_tracker_msgs/srv/kr_tracker_msgs-srv.asd)
Linked: (/home/grasp/ego-planner/devel/.private/kr_tracker_msgs/share/common-lisp/ros/kr_tracker_msgs/srv/_package.lisp, /home/grasp/ego-planner/devel/share/common-lisp/ros/kr_tracker_msgs/srv/_package.lisp)
Linked: (/home/grasp/ego-planner/devel/.private/kr_tracker_msgs/share/common-lisp/ros/kr_tracker_msgs/srv/Transition.lisp, /home/grasp/ego-planner/devel/share/common-lisp/ros/kr_tracker_msgs/srv/Transition.lisp)
Linked: (/home/grasp/ego-planner/devel/.private/kr_tracker_msgs/share/common-lisp/ros/kr_tracker_msgs/srv/_package_Transition.lisp, /home/grasp/ego-planner/devel/share/common-lisp/ros/kr_tracker_msgs/srv/_package_Transition.lisp)
Linked: (/home/grasp/ego-planner/devel/.private/kr_tracker_msgs/share/gennodejs/ros/kr_tracker_msgs/_index.js, /home/grasp/ego-planner/devel/share/gennodejs/ros/kr_tracker_msgs/_index.js)
Linked: (/home/grasp/ego-planner/devel/.private/kr_tracker_msgs/share/gennodejs/ros/kr_tracker_msgs/msg/LineTrackerAction.js, /home/grasp/ego-planner/devel/share/gennodejs/ros/kr_tracker_msgs/msg/LineTrackerAction.js)
Linked: (/home/grasp/ego-planner/devel/.private/kr_tracker_msgs/share/gennodejs/ros/kr_tracker_msgs/msg/PolyTrackerResult.js, /home/grasp/ego-planner/devel/share/gennodejs/ros/kr_tracker_msgs/msg/PolyTrackerResult.js)
Linked: (/home/grasp/ego-planner/devel/.private/kr_tracker_msgs/share/gennodejs/ros/kr_tracker_msgs/msg/TrajectoryTrackerResult.js, /home/grasp/ego-planner/devel/share/gennodejs/ros/kr_tracker_msgs/msg/TrajectoryTrackerResult.js)
Linked: (/home/grasp/ego-planner/devel/.private/kr_tracker_msgs/share/gennodejs/ros/kr_tracker_msgs/msg/LissajousTrackerResult.js, /home/grasp/ego-planner/devel/share/gennodejs/ros/kr_tracker_msgs/msg/LissajousTrackerResult.js)
Linked: (/home/grasp/ego-planner/devel/.private/kr_tracker_msgs/share/gennodejs/ros/kr_tracker_msgs/msg/LineTrackerFeedback.js, /home/grasp/ego-planner/devel/share/gennodejs/ros/kr_tracker_msgs/msg/LineTrackerFeedback.js)
Linked: (/home/grasp/ego-planner/devel/.private/kr_tracker_msgs/share/gennodejs/ros/kr_tracker_msgs/msg/PolyTrackerActionFeedback.js, /home/grasp/ego-planner/devel/share/gennodejs/ros/kr_tracker_msgs/msg/PolyTrackerActionFeedback.js)
Linked: (/home/grasp/ego-planner/devel/.private/kr_tracker_msgs/share/gennodejs/ros/kr_tracker_msgs/msg/VelocityTrackerResult.js, /home/grasp/ego-planner/devel/share/gennodejs/ros/kr_tracker_msgs/msg/VelocityTrackerResult.js)
Linked: (/home/grasp/ego-planner/devel/.private/kr_tracker_msgs/share/gennodejs/ros/kr_tracker_msgs/msg/VelocityTrackerActionGoal.js, /home/grasp/ego-planner/devel/share/gennodejs/ros/kr_tracker_msgs/msg/VelocityTrackerActionGoal.js)
Linked: (/home/grasp/ego-planner/devel/.private/kr_tracker_msgs/share/gennodejs/ros/kr_tracker_msgs/msg/LissajousTrackerActionFeedback.js, /home/grasp/ego-planner/devel/share/gennodejs/ros/kr_tracker_msgs/msg/LissajousTrackerActionFeedback.js)
Linked: (/home/grasp/ego-planner/devel/.private/kr_tracker_msgs/share/gennodejs/ros/kr_tracker_msgs/msg/CircleTrackerResult.js, /home/grasp/ego-planner/devel/share/gennodejs/ros/kr_tracker_msgs/msg/CircleTrackerResult.js)
Linked: (/home/grasp/ego-planner/devel/.private/kr_tracker_msgs/share/gennodejs/ros/kr_tracker_msgs/msg/LissajousAdderActionFeedback.js, /home/grasp/ego-planner/devel/share/gennodejs/ros/kr_tracker_msgs/msg/LissajousAdderActionFeedback.js)
Linked: (/home/grasp/ego-planner/devel/.private/kr_tracker_msgs/share/gennodejs/ros/kr_tracker_msgs/msg/VelocityTrackerFeedback.js, /home/grasp/ego-planner/devel/share/gennodejs/ros/kr_tracker_msgs/msg/VelocityTrackerFeedback.js)
Linked: (/home/grasp/ego-planner/devel/.private/kr_tracker_msgs/share/gennodejs/ros/kr_tracker_msgs/msg/LissajousAdderFeedback.js, /home/grasp/ego-planner/devel/share/gennodejs/ros/kr_tracker_msgs/msg/LissajousAdderFeedback.js)
Linked: (/home/grasp/ego-planner/devel/.private/kr_tracker_msgs/share/gennodejs/ros/kr_tracker_msgs/msg/TrajectoryTrackerActionResult.js, /home/grasp/ego-planner/devel/share/gennodejs/ros/kr_tracker_msgs/msg/TrajectoryTrackerActionResult.js)
Linked: (/home/grasp/ego-planner/devel/.private/kr_tracker_msgs/share/gennodejs/ros/kr_tracker_msgs/msg/LissajousAdderActionGoal.js, /home/grasp/ego-planner/devel/share/gennodejs/ros/kr_tracker_msgs/msg/LissajousAdderActionGoal.js)
Linked: (/home/grasp/ego-planner/devel/.private/kr_tracker_msgs/share/gennodejs/ros/kr_tracker_msgs/msg/LissajousTrackerActionResult.js, /home/grasp/ego-planner/devel/share/gennodejs/ros/kr_tracker_msgs/msg/LissajousTrackerActionResult.js)
Linked: (/home/grasp/ego-planner/devel/.private/kr_tracker_msgs/share/gennodejs/ros/kr_tracker_msgs/msg/LissajousTrackerFeedback.js, /home/grasp/ego-planner/devel/share/gennodejs/ros/kr_tracker_msgs/msg/LissajousTrackerFeedback.js)
Linked: (/home/grasp/ego-planner/devel/.private/kr_tracker_msgs/share/gennodejs/ros/kr_tracker_msgs/msg/PolyTrackerActionResult.js, /home/grasp/ego-planner/devel/share/gennodejs/ros/kr_tracker_msgs/msg/PolyTrackerActionResult.js)
Linked: (/home/grasp/ego-planner/devel/.private/kr_tracker_msgs/share/gennodejs/ros/kr_tracker_msgs/msg/VelocityGoal.js, /home/grasp/ego-planner/devel/share/gennodejs/ros/kr_tracker_msgs/msg/VelocityGoal.js)
Linked: (/home/grasp/ego-planner/devel/.private/kr_tracker_msgs/share/gennodejs/ros/kr_tracker_msgs/msg/LissajousTrackerAction.js, /home/grasp/ego-planner/devel/share/gennodejs/ros/kr_tracker_msgs/msg/LissajousTrackerAction.js)
Linked: (/home/grasp/ego-planner/devel/.private/kr_tracker_msgs/share/gennodejs/ros/kr_tracker_msgs/msg/LissajousAdderActionResult.js, /home/grasp/ego-planner/devel/share/gennodejs/ros/kr_tracker_msgs/msg/LissajousAdderActionResult.js)
Linked: (/home/grasp/ego-planner/devel/.private/kr_tracker_msgs/share/gennodejs/ros/kr_tracker_msgs/msg/VelocityTrackerGoal.js, /home/grasp/ego-planner/devel/share/gennodejs/ros/kr_tracker_msgs/msg/VelocityTrackerGoal.js)
Linked: (/home/grasp/ego-planner/devel/.private/kr_tracker_msgs/share/gennodejs/ros/kr_tracker_msgs/msg/LissajousAdderResult.js, /home/grasp/ego-planner/devel/share/gennodejs/ros/kr_tracker_msgs/msg/LissajousAdderResult.js)
Linked: (/home/grasp/ego-planner/devel/.private/kr_tracker_msgs/share/gennodejs/ros/kr_tracker_msgs/msg/VelocityTrackerActionFeedback.js, /home/grasp/ego-planner/devel/share/gennodejs/ros/kr_tracker_msgs/msg/VelocityTrackerActionFeedback.js)
Linked: (/home/grasp/ego-planner/devel/.private/kr_tracker_msgs/share/gennodejs/ros/kr_tracker_msgs/msg/CircleTrackerGoal.js, /home/grasp/ego-planner/devel/share/gennodejs/ros/kr_tracker_msgs/msg/CircleTrackerGoal.js)
Linked: (/home/grasp/ego-planner/devel/.private/kr_tracker_msgs/share/gennodejs/ros/kr_tracker_msgs/msg/Polynomial.js, /home/grasp/ego-planner/devel/share/gennodejs/ros/kr_tracker_msgs/msg/Polynomial.js)
Linked: (/home/grasp/ego-planner/devel/.private/kr_tracker_msgs/share/gennodejs/ros/kr_tracker_msgs/msg/PolyTrackerFeedback.js, /home/grasp/ego-planner/devel/share/gennodejs/ros/kr_tracker_msgs/msg/PolyTrackerFeedback.js)
Linked: (/home/grasp/ego-planner/devel/.private/kr_tracker_msgs/share/gennodejs/ros/kr_tracker_msgs/msg/TrajectoryTrackerActionFeedback.js, /home/grasp/ego-planner/devel/share/gennodejs/ros/kr_tracker_msgs/msg/TrajectoryTrackerActionFeedback.js)
Linked: (/home/grasp/ego-planner/devel/.private/kr_tracker_msgs/share/gennodejs/ros/kr_tracker_msgs/msg/LineTrackerResult.js, /home/grasp/ego-planner/devel/share/gennodejs/ros/kr_tracker_msgs/msg/LineTrackerResult.js)
Linked: (/home/grasp/ego-planner/devel/.private/kr_tracker_msgs/share/gennodejs/ros/kr_tracker_msgs/msg/LineTrackerGoal.js, /home/grasp/ego-planner/devel/share/gennodejs/ros/kr_tracker_msgs/msg/LineTrackerGoal.js)
Linked: (/home/grasp/ego-planner/devel/.private/kr_tracker_msgs/share/gennodejs/ros/kr_tracker_msgs/msg/LineTrackerActionFeedback.js, /home/grasp/ego-planner/devel/share/gennodejs/ros/kr_tracker_msgs/msg/LineTrackerActionFeedback.js)
Linked: (/home/grasp/ego-planner/devel/.private/kr_tracker_msgs/share/gennodejs/ros/kr_tracker_msgs/msg/LissajousTrackerActionGoal.js, /home/grasp/ego-planner/devel/share/gennodejs/ros/kr_tracker_msgs/msg/LissajousTrackerActionGoal.js)
Linked: (/home/grasp/ego-planner/devel/.private/kr_tracker_msgs/share/gennodejs/ros/kr_tracker_msgs/msg/PolyTrackerActionGoal.js, /home/grasp/ego-planner/devel/share/gennodejs/ros/kr_tracker_msgs/msg/PolyTrackerActionGoal.js)
Linked: (/home/grasp/ego-planner/devel/.private/kr_tracker_msgs/share/gennodejs/ros/kr_tracker_msgs/msg/PolyTrackerAction.js, /home/grasp/ego-planner/devel/share/gennodejs/ros/kr_tracker_msgs/msg/PolyTrackerAction.js)
Linked: (/home/grasp/ego-planner/devel/.private/kr_tracker_msgs/share/gennodejs/ros/kr_tracker_msgs/msg/_index.js, /home/grasp/ego-planner/devel/share/gennodejs/ros/kr_tracker_msgs/msg/_index.js)
Linked: (/home/grasp/ego-planner/devel/.private/kr_tracker_msgs/share/gennodejs/ros/kr_tracker_msgs/msg/LissajousTrackerGoal.js, /home/grasp/ego-planner/devel/share/gennodejs/ros/kr_tracker_msgs/msg/LissajousTrackerGoal.js)
Linked: (/home/grasp/ego-planner/devel/.private/kr_tracker_msgs/share/gennodejs/ros/kr_tracker_msgs/msg/VelocityTrackerActionResult.js, /home/grasp/ego-planner/devel/share/gennodejs/ros/kr_tracker_msgs/msg/VelocityTrackerActionResult.js)
Linked: (/home/grasp/ego-planner/devel/.private/kr_tracker_msgs/share/gennodejs/ros/kr_tracker_msgs/msg/VelocityTrackerAction.js, /home/grasp/ego-planner/devel/share/gennodejs/ros/kr_tracker_msgs/msg/VelocityTrackerAction.js)
Linked: (/home/grasp/ego-planner/devel/.private/kr_tracker_msgs/share/gennodejs/ros/kr_tracker_msgs/msg/TrajectoryTrackerFeedback.js, /home/grasp/ego-planner/devel/share/gennodejs/ros/kr_tracker_msgs/msg/TrajectoryTrackerFeedback.js)
Linked: (/home/grasp/ego-planner/devel/.private/kr_tracker_msgs/share/gennodejs/ros/kr_tracker_msgs/msg/LissajousAdderGoal.js, /home/grasp/ego-planner/devel/share/gennodejs/ros/kr_tracker_msgs/msg/LissajousAdderGoal.js)
Linked: (/home/grasp/ego-planner/devel/.private/kr_tracker_msgs/share/gennodejs/ros/kr_tracker_msgs/msg/TrajectoryTrackerAction.js, /home/grasp/ego-planner/devel/share/gennodejs/ros/kr_tracker_msgs/msg/TrajectoryTrackerAction.js)
Linked: (/home/grasp/ego-planner/devel/.private/kr_tracker_msgs/share/gennodejs/ros/kr_tracker_msgs/msg/PolyTrackerGoal.js, /home/grasp/ego-planner/devel/share/gennodejs/ros/kr_tracker_msgs/msg/PolyTrackerGoal.js)
Linked: (/home/grasp/ego-planner/devel/.private/kr_tracker_msgs/share/gennodejs/ros/kr_tracker_msgs/msg/TrackerStatus.js, /home/grasp/ego-planner/devel/share/gennodejs/ros/kr_tracker_msgs/msg/TrackerStatus.js)
Linked: (/home/grasp/ego-planner/devel/.private/kr_tracker_msgs/share/gennodejs/ros/kr_tracker_msgs/msg/LineTrackerActionResult.js, /home/grasp/ego-planner/devel/share/gennodejs/ros/kr_tracker_msgs/msg/LineTrackerActionResult.js)
Linked: (/home/grasp/ego-planner/devel/.private/kr_tracker_msgs/share/gennodejs/ros/kr_tracker_msgs/msg/CircleTrackerActionResult.js, /home/grasp/ego-planner/devel/share/gennodejs/ros/kr_tracker_msgs/msg/CircleTrackerActionResult.js)
Linked: (/home/grasp/ego-planner/devel/.private/kr_tracker_msgs/share/gennodejs/ros/kr_tracker_msgs/msg/CircleTrackerActionGoal.js, /home/grasp/ego-planner/devel/share/gennodejs/ros/kr_tracker_msgs/msg/CircleTrackerActionGoal.js)
Linked: (/home/grasp/ego-planner/devel/.private/kr_tracker_msgs/share/gennodejs/ros/kr_tracker_msgs/msg/CircleTrackerActionFeedback.js, /home/grasp/ego-planner/devel/share/gennodejs/ros/kr_tracker_msgs/msg/CircleTrackerActionFeedback.js)
Linked: (/home/grasp/ego-planner/devel/.private/kr_tracker_msgs/share/gennodejs/ros/kr_tracker_msgs/msg/TrajectoryTrackerGoal.js, /home/grasp/ego-planner/devel/share/gennodejs/ros/kr_tracker_msgs/msg/TrajectoryTrackerGoal.js)
Linked: (/home/grasp/ego-planner/devel/.private/kr_tracker_msgs/share/gennodejs/ros/kr_tracker_msgs/msg/LissajousAdderAction.js, /home/grasp/ego-planner/devel/share/gennodejs/ros/kr_tracker_msgs/msg/LissajousAdderAction.js)
Linked: (/home/grasp/ego-planner/devel/.private/kr_tracker_msgs/share/gennodejs/ros/kr_tracker_msgs/msg/CircleTrackerAction.js, /home/grasp/ego-planner/devel/share/gennodejs/ros/kr_tracker_msgs/msg/CircleTrackerAction.js)
Linked: (/home/grasp/ego-planner/devel/.private/kr_tracker_msgs/share/gennodejs/ros/kr_tracker_msgs/msg/LineTrackerActionGoal.js, /home/grasp/ego-planner/devel/share/gennodejs/ros/kr_tracker_msgs/msg/LineTrackerActionGoal.js)
Linked: (/home/grasp/ego-planner/devel/.private/kr_tracker_msgs/share/gennodejs/ros/kr_tracker_msgs/msg/CircleTrackerFeedback.js, /home/grasp/ego-planner/devel/share/gennodejs/ros/kr_tracker_msgs/msg/CircleTrackerFeedback.js)
Linked: (/home/grasp/ego-planner/devel/.private/kr_tracker_msgs/share/gennodejs/ros/kr_tracker_msgs/msg/TrajectoryTrackerActionGoal.js, /home/grasp/ego-planner/devel/share/gennodejs/ros/kr_tracker_msgs/msg/TrajectoryTrackerActionGoal.js)
Linked: (/home/grasp/ego-planner/devel/.private/kr_tracker_msgs/share/gennodejs/ros/kr_tracker_msgs/srv/_index.js, /home/grasp/ego-planner/devel/share/gennodejs/ros/kr_tracker_msgs/srv/_index.js)
Linked: (/home/grasp/ego-planner/devel/.private/kr_tracker_msgs/share/gennodejs/ros/kr_tracker_msgs/srv/Transition.js, /home/grasp/ego-planner/devel/share/gennodejs/ros/kr_tracker_msgs/srv/Transition.js)
Linked: (/home/grasp/ego-planner/devel/.private/kr_tracker_msgs/share/roseus/ros/kr_tracker_msgs/manifest.l, /home/grasp/ego-planner/devel/share/roseus/ros/kr_tracker_msgs/manifest.l)
Linked: (/home/grasp/ego-planner/devel/.private/kr_tracker_msgs/share/roseus/ros/kr_tracker_msgs/msg/LissajousTrackerAction.l, /home/grasp/ego-planner/devel/share/roseus/ros/kr_tracker_msgs/msg/LissajousTrackerAction.l)
Linked: (/home/grasp/ego-planner/devel/.private/kr_tracker_msgs/share/roseus/ros/kr_tracker_msgs/msg/TrajectoryTrackerActionResult.l, /home/grasp/ego-planner/devel/share/roseus/ros/kr_tracker_msgs/msg/TrajectoryTrackerActionResult.l)
Linked: (/home/grasp/ego-planner/devel/.private/kr_tracker_msgs/share/roseus/ros/kr_tracker_msgs/msg/LineTrackerGoal.l, /home/grasp/ego-planner/devel/share/roseus/ros/kr_tracker_msgs/msg/LineTrackerGoal.l)
Linked: (/home/grasp/ego-planner/devel/.private/kr_tracker_msgs/share/roseus/ros/kr_tracker_msgs/msg/CircleTrackerActionFeedback.l, /home/grasp/ego-planner/devel/share/roseus/ros/kr_tracker_msgs/msg/CircleTrackerActionFeedback.l)
Linked: (/home/grasp/ego-planner/devel/.private/kr_tracker_msgs/share/roseus/ros/kr_tracker_msgs/msg/LissajousAdderGoal.l, /home/grasp/ego-planner/devel/share/roseus/ros/kr_tracker_msgs/msg/LissajousAdderGoal.l)
Linked: (/home/grasp/ego-planner/devel/.private/kr_tracker_msgs/share/roseus/ros/kr_tracker_msgs/msg/TrajectoryTrackerAction.l, /home/grasp/ego-planner/devel/share/roseus/ros/kr_tracker_msgs/msg/TrajectoryTrackerAction.l)
Linked: (/home/grasp/ego-planner/devel/.private/kr_tracker_msgs/share/roseus/ros/kr_tracker_msgs/msg/LissajousAdderAction.l, /home/grasp/ego-planner/devel/share/roseus/ros/kr_tracker_msgs/msg/LissajousAdderAction.l)
Linked: (/home/grasp/ego-planner/devel/.private/kr_tracker_msgs/share/roseus/ros/kr_tracker_msgs/msg/VelocityTrackerResult.l, /home/grasp/ego-planner/devel/share/roseus/ros/kr_tracker_msgs/msg/VelocityTrackerResult.l)
Linked: (/home/grasp/ego-planner/devel/.private/kr_tracker_msgs/share/roseus/ros/kr_tracker_msgs/msg/CircleTrackerActionGoal.l, /home/grasp/ego-planner/devel/share/roseus/ros/kr_tracker_msgs/msg/CircleTrackerActionGoal.l)
Linked: (/home/grasp/ego-planner/devel/.private/kr_tracker_msgs/share/roseus/ros/kr_tracker_msgs/msg/LineTrackerActionFeedback.l, /home/grasp/ego-planner/devel/share/roseus/ros/kr_tracker_msgs/msg/LineTrackerActionFeedback.l)
Linked: (/home/grasp/ego-planner/devel/.private/kr_tracker_msgs/share/roseus/ros/kr_tracker_msgs/msg/LissajousAdderActionFeedback.l, /home/grasp/ego-planner/devel/share/roseus/ros/kr_tracker_msgs/msg/LissajousAdderActionFeedback.l)
Linked: (/home/grasp/ego-planner/devel/.private/kr_tracker_msgs/share/roseus/ros/kr_tracker_msgs/msg/LissajousAdderFeedback.l, /home/grasp/ego-planner/devel/share/roseus/ros/kr_tracker_msgs/msg/LissajousAdderFeedback.l)
Linked: (/home/grasp/ego-planner/devel/.private/kr_tracker_msgs/share/roseus/ros/kr_tracker_msgs/msg/LineTrackerActionGoal.l, /home/grasp/ego-planner/devel/share/roseus/ros/kr_tracker_msgs/msg/LineTrackerActionGoal.l)
Linked: (/home/grasp/ego-planner/devel/.private/kr_tracker_msgs/share/roseus/ros/kr_tracker_msgs/msg/LissajousTrackerFeedback.l, /home/grasp/ego-planner/devel/share/roseus/ros/kr_tracker_msgs/msg/LissajousTrackerFeedback.l)
Linked: (/home/grasp/ego-planner/devel/.private/kr_tracker_msgs/share/roseus/ros/kr_tracker_msgs/msg/VelocityTrackerActionGoal.l, /home/grasp/ego-planner/devel/share/roseus/ros/kr_tracker_msgs/msg/VelocityTrackerActionGoal.l)
Linked: (/home/grasp/ego-planner/devel/.private/kr_tracker_msgs/share/roseus/ros/kr_tracker_msgs/msg/LineTrackerActionResult.l, /home/grasp/ego-planner/devel/share/roseus/ros/kr_tracker_msgs/msg/LineTrackerActionResult.l)
Linked: (/home/grasp/ego-planner/devel/.private/kr_tracker_msgs/share/roseus/ros/kr_tracker_msgs/msg/PolyTrackerActionGoal.l, /home/grasp/ego-planner/devel/share/roseus/ros/kr_tracker_msgs/msg/PolyTrackerActionGoal.l)
Linked: (/home/grasp/ego-planner/devel/.private/kr_tracker_msgs/share/roseus/ros/kr_tracker_msgs/msg/LineTrackerResult.l, /home/grasp/ego-planner/devel/share/roseus/ros/kr_tracker_msgs/msg/LineTrackerResult.l)
Linked: (/home/grasp/ego-planner/devel/.private/kr_tracker_msgs/share/roseus/ros/kr_tracker_msgs/msg/TrajectoryTrackerActionGoal.l, /home/grasp/ego-planner/devel/share/roseus/ros/kr_tracker_msgs/msg/TrajectoryTrackerActionGoal.l)
Linked: (/home/grasp/ego-planner/devel/.private/kr_tracker_msgs/share/roseus/ros/kr_tracker_msgs/msg/PolyTrackerGoal.l, /home/grasp/ego-planner/devel/share/roseus/ros/kr_tracker_msgs/msg/PolyTrackerGoal.l)
Linked: (/home/grasp/ego-planner/devel/.private/kr_tracker_msgs/share/roseus/ros/kr_tracker_msgs/msg/VelocityTrackerFeedback.l, /home/grasp/ego-planner/devel/share/roseus/ros/kr_tracker_msgs/msg/VelocityTrackerFeedback.l)
Linked: (/home/grasp/ego-planner/devel/.private/kr_tracker_msgs/share/roseus/ros/kr_tracker_msgs/msg/VelocityTrackerActionResult.l, /home/grasp/ego-planner/devel/share/roseus/ros/kr_tracker_msgs/msg/VelocityTrackerActionResult.l)
Linked: (/home/grasp/ego-planner/devel/.private/kr_tracker_msgs/share/roseus/ros/kr_tracker_msgs/msg/LissajousTrackerResult.l, /home/grasp/ego-planner/devel/share/roseus/ros/kr_tracker_msgs/msg/LissajousTrackerResult.l)
Linked: (/home/grasp/ego-planner/devel/.private/kr_tracker_msgs/share/roseus/ros/kr_tracker_msgs/msg/LissajousTrackerActionGoal.l, /home/grasp/ego-planner/devel/share/roseus/ros/kr_tracker_msgs/msg/LissajousTrackerActionGoal.l)
Linked: (/home/grasp/ego-planner/devel/.private/kr_tracker_msgs/share/roseus/ros/kr_tracker_msgs/msg/VelocityTrackerGoal.l, /home/grasp/ego-planner/devel/share/roseus/ros/kr_tracker_msgs/msg/VelocityTrackerGoal.l)
Linked: (/home/grasp/ego-planner/devel/.private/kr_tracker_msgs/share/roseus/ros/kr_tracker_msgs/msg/CircleTrackerResult.l, /home/grasp/ego-planner/devel/share/roseus/ros/kr_tracker_msgs/msg/CircleTrackerResult.l)
Linked: (/home/grasp/ego-planner/devel/.private/kr_tracker_msgs/share/roseus/ros/kr_tracker_msgs/msg/PolyTrackerActionFeedback.l, /home/grasp/ego-planner/devel/share/roseus/ros/kr_tracker_msgs/msg/PolyTrackerActionFeedback.l)
Linked: (/home/grasp/ego-planner/devel/.private/kr_tracker_msgs/share/roseus/ros/kr_tracker_msgs/msg/LissajousAdderResult.l, /home/grasp/ego-planner/devel/share/roseus/ros/kr_tracker_msgs/msg/LissajousAdderResult.l)
Linked: (/home/grasp/ego-planner/devel/.private/kr_tracker_msgs/share/roseus/ros/kr_tracker_msgs/msg/LineTrackerFeedback.l, /home/grasp/ego-planner/devel/share/roseus/ros/kr_tracker_msgs/msg/LineTrackerFeedback.l)
Linked: (/home/grasp/ego-planner/devel/.private/kr_tracker_msgs/share/roseus/ros/kr_tracker_msgs/msg/PolyTrackerAction.l, /home/grasp/ego-planner/devel/share/roseus/ros/kr_tracker_msgs/msg/PolyTrackerAction.l)
Linked: (/home/grasp/ego-planner/devel/.private/kr_tracker_msgs/share/roseus/ros/kr_tracker_msgs/msg/TrajectoryTrackerFeedback.l, /home/grasp/ego-planner/devel/share/roseus/ros/kr_tracker_msgs/msg/TrajectoryTrackerFeedback.l)
Linked: (/home/grasp/ego-planner/devel/.private/kr_tracker_msgs/share/roseus/ros/kr_tracker_msgs/msg/VelocityTrackerActionFeedback.l, /home/grasp/ego-planner/devel/share/roseus/ros/kr_tracker_msgs/msg/VelocityTrackerActionFeedback.l)
Linked: (/home/grasp/ego-planner/devel/.private/kr_tracker_msgs/share/roseus/ros/kr_tracker_msgs/msg/LissajousTrackerActionResult.l, /home/grasp/ego-planner/devel/share/roseus/ros/kr_tracker_msgs/msg/LissajousTrackerActionResult.l)
Linked: (/home/grasp/ego-planner/devel/.private/kr_tracker_msgs/share/roseus/ros/kr_tracker_msgs/msg/CircleTrackerAction.l, /home/grasp/ego-planner/devel/share/roseus/ros/kr_tracker_msgs/msg/CircleTrackerAction.l)
Linked: (/home/grasp/ego-planner/devel/.private/kr_tracker_msgs/share/roseus/ros/kr_tracker_msgs/msg/LineTrackerAction.l, /home/grasp/ego-planner/devel/share/roseus/ros/kr_tracker_msgs/msg/LineTrackerAction.l)
Linked: (/home/grasp/ego-planner/devel/.private/kr_tracker_msgs/share/roseus/ros/kr_tracker_msgs/msg/TrajectoryTrackerActionFeedback.l, /home/grasp/ego-planner/devel/share/roseus/ros/kr_tracker_msgs/msg/TrajectoryTrackerActionFeedback.l)
Linked: (/home/grasp/ego-planner/devel/.private/kr_tracker_msgs/share/roseus/ros/kr_tracker_msgs/msg/PolyTrackerActionResult.l, /home/grasp/ego-planner/devel/share/roseus/ros/kr_tracker_msgs/msg/PolyTrackerActionResult.l)
Linked: (/home/grasp/ego-planner/devel/.private/kr_tracker_msgs/share/roseus/ros/kr_tracker_msgs/msg/LissajousTrackerActionFeedback.l, /home/grasp/ego-planner/devel/share/roseus/ros/kr_tracker_msgs/msg/LissajousTrackerActionFeedback.l)
Linked: (/home/grasp/ego-planner/devel/.private/kr_tracker_msgs/share/roseus/ros/kr_tracker_msgs/msg/CircleTrackerActionResult.l, /home/grasp/ego-planner/devel/share/roseus/ros/kr_tracker_msgs/msg/CircleTrackerActionResult.l)
Linked: (/home/grasp/ego-planner/devel/.private/kr_tracker_msgs/share/roseus/ros/kr_tracker_msgs/msg/TrajectoryTrackerGoal.l, /home/grasp/ego-planner/devel/share/roseus/ros/kr_tracker_msgs/msg/TrajectoryTrackerGoal.l)
Linked: (/home/grasp/ego-planner/devel/.private/kr_tracker_msgs/share/roseus/ros/kr_tracker_msgs/msg/PolyTrackerFeedback.l, /home/grasp/ego-planner/devel/share/roseus/ros/kr_tracker_msgs/msg/PolyTrackerFeedback.l)
Linked: (/home/grasp/ego-planner/devel/.private/kr_tracker_msgs/share/roseus/ros/kr_tracker_msgs/msg/LissajousTrackerGoal.l, /home/grasp/ego-planner/devel/share/roseus/ros/kr_tracker_msgs/msg/LissajousTrackerGoal.l)
Linked: (/home/grasp/ego-planner/devel/.private/kr_tracker_msgs/share/roseus/ros/kr_tracker_msgs/msg/VelocityTrackerAction.l, /home/grasp/ego-planner/devel/share/roseus/ros/kr_tracker_msgs/msg/VelocityTrackerAction.l)
Linked: (/home/grasp/ego-planner/devel/.private/kr_tracker_msgs/share/roseus/ros/kr_tracker_msgs/msg/VelocityGoal.l, /home/grasp/ego-planner/devel/share/roseus/ros/kr_tracker_msgs/msg/VelocityGoal.l)
Linked: (/home/grasp/ego-planner/devel/.private/kr_tracker_msgs/share/roseus/ros/kr_tracker_msgs/msg/PolyTrackerResult.l, /home/grasp/ego-planner/devel/share/roseus/ros/kr_tracker_msgs/msg/PolyTrackerResult.l)
Linked: (/home/grasp/ego-planner/devel/.private/kr_tracker_msgs/share/roseus/ros/kr_tracker_msgs/msg/TrajectoryTrackerResult.l, /home/grasp/ego-planner/devel/share/roseus/ros/kr_tracker_msgs/msg/TrajectoryTrackerResult.l)
Linked: (/home/grasp/ego-planner/devel/.private/kr_tracker_msgs/share/roseus/ros/kr_tracker_msgs/msg/Polynomial.l, /home/grasp/ego-planner/devel/share/roseus/ros/kr_tracker_msgs/msg/Polynomial.l)
Linked: (/home/grasp/ego-planner/devel/.private/kr_tracker_msgs/share/roseus/ros/kr_tracker_msgs/msg/LissajousAdderActionGoal.l, /home/grasp/ego-planner/devel/share/roseus/ros/kr_tracker_msgs/msg/LissajousAdderActionGoal.l)
Linked: (/home/grasp/ego-planner/devel/.private/kr_tracker_msgs/share/roseus/ros/kr_tracker_msgs/msg/CircleTrackerGoal.l, /home/grasp/ego-planner/devel/share/roseus/ros/kr_tracker_msgs/msg/CircleTrackerGoal.l)
Linked: (/home/grasp/ego-planner/devel/.private/kr_tracker_msgs/share/roseus/ros/kr_tracker_msgs/msg/CircleTrackerFeedback.l, /home/grasp/ego-planner/devel/share/roseus/ros/kr_tracker_msgs/msg/CircleTrackerFeedback.l)
Linked: (/home/grasp/ego-planner/devel/.private/kr_tracker_msgs/share/roseus/ros/kr_tracker_msgs/msg/LissajousAdderActionResult.l, /home/grasp/ego-planner/devel/share/roseus/ros/kr_tracker_msgs/msg/LissajousAdderActionResult.l)
Linked: (/home/grasp/ego-planner/devel/.private/kr_tracker_msgs/share/roseus/ros/kr_tracker_msgs/msg/TrackerStatus.l, /home/grasp/ego-planner/devel/share/roseus/ros/kr_tracker_msgs/msg/TrackerStatus.l)
Linked: (/home/grasp/ego-planner/devel/.private/kr_tracker_msgs/share/roseus/ros/kr_tracker_msgs/srv/Transition.l, /home/grasp/ego-planner/devel/share/roseus/ros/kr_tracker_msgs/srv/Transition.l)
Linked: (/home/grasp/ego-planner/devel/.private/kr_tracker_msgs/share/kr_tracker_msgs/msg/CircleTrackerActionResult.msg, /home/grasp/ego-planner/devel/share/kr_tracker_msgs/msg/CircleTrackerActionResult.msg)
Linked: (/home/grasp/ego-planner/devel/.private/kr_tracker_msgs/share/kr_tracker_msgs/msg/PolyTrackerFeedback.msg, /home/grasp/ego-planner/devel/share/kr_tracker_msgs/msg/PolyTrackerFeedback.msg)
Linked: (/home/grasp/ego-planner/devel/.private/kr_tracker_msgs/share/kr_tracker_msgs/msg/CircleTrackerAction.msg, /home/grasp/ego-planner/devel/share/kr_tracker_msgs/msg/CircleTrackerAction.msg)
Linked: (/home/grasp/ego-planner/devel/.private/kr_tracker_msgs/share/kr_tracker_msgs/msg/PolyTrackerGoal.msg, /home/grasp/ego-planner/devel/share/kr_tracker_msgs/msg/PolyTrackerGoal.msg)
Linked: (/home/grasp/ego-planner/devel/.private/kr_tracker_msgs/share/kr_tracker_msgs/msg/VelocityTrackerFeedback.msg, /home/grasp/ego-planner/devel/share/kr_tracker_msgs/msg/VelocityTrackerFeedback.msg)
Linked: (/home/grasp/ego-planner/devel/.private/kr_tracker_msgs/share/kr_tracker_msgs/msg/CircleTrackerGoal.msg, /home/grasp/ego-planner/devel/share/kr_tracker_msgs/msg/CircleTrackerGoal.msg)
Linked: (/home/grasp/ego-planner/devel/.private/kr_tracker_msgs/share/kr_tracker_msgs/msg/LissajousAdderActionFeedback.msg, /home/grasp/ego-planner/devel/share/kr_tracker_msgs/msg/LissajousAdderActionFeedback.msg)
Linked: (/home/grasp/ego-planner/devel/.private/kr_tracker_msgs/share/kr_tracker_msgs/msg/LineTrackerFeedback.msg, /home/grasp/ego-planner/devel/share/kr_tracker_msgs/msg/LineTrackerFeedback.msg)
Linked: (/home/grasp/ego-planner/devel/.private/kr_tracker_msgs/share/kr_tracker_msgs/msg/LineTrackerActionResult.msg, /home/grasp/ego-planner/devel/share/kr_tracker_msgs/msg/LineTrackerActionResult.msg)
Linked: (/home/grasp/ego-planner/devel/.private/kr_tracker_msgs/share/kr_tracker_msgs/msg/LissajousAdderActionResult.msg, /home/grasp/ego-planner/devel/share/kr_tracker_msgs/msg/LissajousAdderActionResult.msg)
Linked: (/home/grasp/ego-planner/devel/.private/kr_tracker_msgs/share/kr_tracker_msgs/msg/LissajousTrackerAction.msg, /home/grasp/ego-planner/devel/share/kr_tracker_msgs/msg/LissajousTrackerAction.msg)
Linked: (/home/grasp/ego-planner/devel/.private/kr_tracker_msgs/share/kr_tracker_msgs/msg/LissajousTrackerResult.msg, /home/grasp/ego-planner/devel/share/kr_tracker_msgs/msg/LissajousTrackerResult.msg)
Linked: (/home/grasp/ego-planner/devel/.private/kr_tracker_msgs/share/kr_tracker_msgs/msg/CircleTrackerFeedback.msg, /home/grasp/ego-planner/devel/share/kr_tracker_msgs/msg/CircleTrackerFeedback.msg)
Linked: (/home/grasp/ego-planner/devel/.private/kr_tracker_msgs/share/kr_tracker_msgs/msg/LissajousTrackerActionResult.msg, /home/grasp/ego-planner/devel/share/kr_tracker_msgs/msg/LissajousTrackerActionResult.msg)
Linked: (/home/grasp/ego-planner/devel/.private/kr_tracker_msgs/share/kr_tracker_msgs/msg/LissajousTrackerActionGoal.msg, /home/grasp/ego-planner/devel/share/kr_tracker_msgs/msg/LissajousTrackerActionGoal.msg)
Linked: (/home/grasp/ego-planner/devel/.private/kr_tracker_msgs/share/kr_tracker_msgs/msg/LineTrackerActionFeedback.msg, /home/grasp/ego-planner/devel/share/kr_tracker_msgs/msg/LineTrackerActionFeedback.msg)
Linked: (/home/grasp/ego-planner/devel/.private/kr_tracker_msgs/share/kr_tracker_msgs/msg/TrajectoryTrackerAction.msg, /home/grasp/ego-planner/devel/share/kr_tracker_msgs/msg/TrajectoryTrackerAction.msg)
Linked: (/home/grasp/ego-planner/devel/.private/kr_tracker_msgs/share/kr_tracker_msgs/msg/TrajectoryTrackerGoal.msg, /home/grasp/ego-planner/devel/share/kr_tracker_msgs/msg/TrajectoryTrackerGoal.msg)
Linked: (/home/grasp/ego-planner/devel/.private/kr_tracker_msgs/share/kr_tracker_msgs/msg/LissajousTrackerFeedback.msg, /home/grasp/ego-planner/devel/share/kr_tracker_msgs/msg/LissajousTrackerFeedback.msg)
Linked: (/home/grasp/ego-planner/devel/.private/kr_tracker_msgs/share/kr_tracker_msgs/msg/LissajousAdderFeedback.msg, /home/grasp/ego-planner/devel/share/kr_tracker_msgs/msg/LissajousAdderFeedback.msg)
Linked: (/home/grasp/ego-planner/devel/.private/kr_tracker_msgs/share/kr_tracker_msgs/msg/LineTrackerActionGoal.msg, /home/grasp/ego-planner/devel/share/kr_tracker_msgs/msg/LineTrackerActionGoal.msg)
Linked: (/home/grasp/ego-planner/devel/.private/kr_tracker_msgs/share/kr_tracker_msgs/msg/VelocityTrackerGoal.msg, /home/grasp/ego-planner/devel/share/kr_tracker_msgs/msg/VelocityTrackerGoal.msg)
Linked: (/home/grasp/ego-planner/devel/.private/kr_tracker_msgs/share/kr_tracker_msgs/msg/VelocityTrackerActionResult.msg, /home/grasp/ego-planner/devel/share/kr_tracker_msgs/msg/VelocityTrackerActionResult.msg)
Linked: (/home/grasp/ego-planner/devel/.private/kr_tracker_msgs/share/kr_tracker_msgs/msg/PolyTrackerActionGoal.msg, /home/grasp/ego-planner/devel/share/kr_tracker_msgs/msg/PolyTrackerActionGoal.msg)
Linked: (/home/grasp/ego-planner/devel/.private/kr_tracker_msgs/share/kr_tracker_msgs/msg/VelocityTrackerActionFeedback.msg, /home/grasp/ego-planner/devel/share/kr_tracker_msgs/msg/VelocityTrackerActionFeedback.msg)
Linked: (/home/grasp/ego-planner/devel/.private/kr_tracker_msgs/share/kr_tracker_msgs/msg/LissajousTrackerActionFeedback.msg, /home/grasp/ego-planner/devel/share/kr_tracker_msgs/msg/LissajousTrackerActionFeedback.msg)
Linked: (/home/grasp/ego-planner/devel/.private/kr_tracker_msgs/share/kr_tracker_msgs/msg/LissajousAdderAction.msg, /home/grasp/ego-planner/devel/share/kr_tracker_msgs/msg/LissajousAdderAction.msg)
Linked: (/home/grasp/ego-planner/devel/.private/kr_tracker_msgs/share/kr_tracker_msgs/msg/TrajectoryTrackerResult.msg, /home/grasp/ego-planner/devel/share/kr_tracker_msgs/msg/TrajectoryTrackerResult.msg)
Linked: (/home/grasp/ego-planner/devel/.private/kr_tracker_msgs/share/kr_tracker_msgs/msg/LissajousAdderActionGoal.msg, /home/grasp/ego-planner/devel/share/kr_tracker_msgs/msg/LissajousAdderActionGoal.msg)
Linked: (/home/grasp/ego-planner/devel/.private/kr_tracker_msgs/share/kr_tracker_msgs/msg/CircleTrackerActionFeedback.msg, /home/grasp/ego-planner/devel/share/kr_tracker_msgs/msg/CircleTrackerActionFeedback.msg)
Linked: (/home/grasp/ego-planner/devel/.private/kr_tracker_msgs/share/kr_tracker_msgs/msg/LineTrackerAction.msg, /home/grasp/ego-planner/devel/share/kr_tracker_msgs/msg/LineTrackerAction.msg)
Linked: (/home/grasp/ego-planner/devel/.private/kr_tracker_msgs/share/kr_tracker_msgs/msg/VelocityTrackerAction.msg, /home/grasp/ego-planner/devel/share/kr_tracker_msgs/msg/VelocityTrackerAction.msg)
Linked: (/home/grasp/ego-planner/devel/.private/kr_tracker_msgs/share/kr_tracker_msgs/msg/TrajectoryTrackerActionFeedback.msg, /home/grasp/ego-planner/devel/share/kr_tracker_msgs/msg/TrajectoryTrackerActionFeedback.msg)
Linked: (/home/grasp/ego-planner/devel/.private/kr_tracker_msgs/share/kr_tracker_msgs/msg/PolyTrackerActionResult.msg, /home/grasp/ego-planner/devel/share/kr_tracker_msgs/msg/PolyTrackerActionResult.msg)
Linked: (/home/grasp/ego-planner/devel/.private/kr_tracker_msgs/share/kr_tracker_msgs/msg/LissajousAdderResult.msg, /home/grasp/ego-planner/devel/share/kr_tracker_msgs/msg/LissajousAdderResult.msg)
Linked: (/home/grasp/ego-planner/devel/.private/kr_tracker_msgs/share/kr_tracker_msgs/msg/TrajectoryTrackerFeedback.msg, /home/grasp/ego-planner/devel/share/kr_tracker_msgs/msg/TrajectoryTrackerFeedback.msg)
Linked: (/home/grasp/ego-planner/devel/.private/kr_tracker_msgs/share/kr_tracker_msgs/msg/CircleTrackerActionGoal.msg, /home/grasp/ego-planner/devel/share/kr_tracker_msgs/msg/CircleTrackerActionGoal.msg)
Linked: (/home/grasp/ego-planner/devel/.private/kr_tracker_msgs/share/kr_tracker_msgs/msg/VelocityTrackerResult.msg, /home/grasp/ego-planner/devel/share/kr_tracker_msgs/msg/VelocityTrackerResult.msg)
Linked: (/home/grasp/ego-planner/devel/.private/kr_tracker_msgs/share/kr_tracker_msgs/msg/LissajousAdderGoal.msg, /home/grasp/ego-planner/devel/share/kr_tracker_msgs/msg/LissajousAdderGoal.msg)
Linked: (/home/grasp/ego-planner/devel/.private/kr_tracker_msgs/share/kr_tracker_msgs/msg/TrajectoryTrackerActionGoal.msg, /home/grasp/ego-planner/devel/share/kr_tracker_msgs/msg/TrajectoryTrackerActionGoal.msg)
Linked: (/home/grasp/ego-planner/devel/.private/kr_tracker_msgs/share/kr_tracker_msgs/msg/LineTrackerGoal.msg, /home/grasp/ego-planner/devel/share/kr_tracker_msgs/msg/LineTrackerGoal.msg)
Linked: (/home/grasp/ego-planner/devel/.private/kr_tracker_msgs/share/kr_tracker_msgs/msg/VelocityTrackerActionGoal.msg, /home/grasp/ego-planner/devel/share/kr_tracker_msgs/msg/VelocityTrackerActionGoal.msg)
Linked: (/home/grasp/ego-planner/devel/.private/kr_tracker_msgs/share/kr_tracker_msgs/msg/PolyTrackerResult.msg, /home/grasp/ego-planner/devel/share/kr_tracker_msgs/msg/PolyTrackerResult.msg)
Linked: (/home/grasp/ego-planner/devel/.private/kr_tracker_msgs/share/kr_tracker_msgs/msg/PolyTrackerActionFeedback.msg, /home/grasp/ego-planner/devel/share/kr_tracker_msgs/msg/PolyTrackerActionFeedback.msg)
Linked: (/home/grasp/ego-planner/devel/.private/kr_tracker_msgs/share/kr_tracker_msgs/msg/LineTrackerResult.msg, /home/grasp/ego-planner/devel/share/kr_tracker_msgs/msg/LineTrackerResult.msg)
Linked: (/home/grasp/ego-planner/devel/.private/kr_tracker_msgs/share/kr_tracker_msgs/msg/CircleTrackerResult.msg, /home/grasp/ego-planner/devel/share/kr_tracker_msgs/msg/CircleTrackerResult.msg)
Linked: (/home/grasp/ego-planner/devel/.private/kr_tracker_msgs/share/kr_tracker_msgs/msg/LissajousTrackerGoal.msg, /home/grasp/ego-planner/devel/share/kr_tracker_msgs/msg/LissajousTrackerGoal.msg)
Linked: (/home/grasp/ego-planner/devel/.private/kr_tracker_msgs/share/kr_tracker_msgs/msg/PolyTrackerAction.msg, /home/grasp/ego-planner/devel/share/kr_tracker_msgs/msg/PolyTrackerAction.msg)
Linked: (/home/grasp/ego-planner/devel/.private/kr_tracker_msgs/share/kr_tracker_msgs/msg/TrajectoryTrackerActionResult.msg, /home/grasp/ego-planner/devel/share/kr_tracker_msgs/msg/TrajectoryTrackerActionResult.msg)
Linked: (/home/grasp/ego-planner/devel/.private/kr_tracker_msgs/share/kr_tracker_msgs/cmake/kr_tracker_msgs-msg-extras.cmake, /home/grasp/ego-planner/devel/share/kr_tracker_msgs/cmake/kr_tracker_msgs-msg-extras.cmake)
Linked: (/home/grasp/ego-planner/devel/.private/kr_tracker_msgs/share/kr_tracker_msgs/cmake/kr_tracker_msgs-msg-paths.cmake, /home/grasp/ego-planner/devel/share/kr_tracker_msgs/cmake/kr_tracker_msgs-msg-paths.cmake)
Linked: (/home/grasp/ego-planner/devel/.private/kr_tracker_msgs/share/kr_tracker_msgs/cmake/kr_tracker_msgsConfig.cmake, /home/grasp/ego-planner/devel/share/kr_tracker_msgs/cmake/kr_tracker_msgsConfig.cmake)
Linked: (/home/grasp/ego-planner/devel/.private/kr_tracker_msgs/share/kr_tracker_msgs/cmake/kr_tracker_msgsConfig-version.cmake, /home/grasp/ego-planner/devel/share/kr_tracker_msgs/cmake/kr_tracker_msgsConfig-version.cmake)
