[  0%] Built target _kr_tracker_msgs_generate_messages_check_deps_Transition
[  0%] Built target _kr_tracker_msgs_generate_messages_check_deps_LissajousTrackerAction
[  0%] Built target _kr_tracker_msgs_generate_messages_check_deps_TrajectoryTrackerActionGoal
[  0%] Built target _kr_tracker_msgs_generate_messages_check_deps_PolyTrackerActionResult
[  0%] Built target _kr_tracker_msgs_generate_messages_check_deps_LissajousTrackerActionResult
[  0%] Built target _kr_tracker_msgs_generate_messages_check_deps_PolyTrackerActionGoal
[  0%] Built target _kr_tracker_msgs_generate_messages_check_deps_TrackerStatus
[  0%] Built target _kr_tracker_msgs_generate_messages_check_deps_PolyTrackerFeedback
[  0%] Built target _kr_tracker_msgs_generate_messages_check_deps_PolyTrackerResult
[  0%] Built target _kr_tracker_msgs_generate_messages_check_deps_PolyTrackerGoal
[  0%] Built target _kr_tracker_msgs_generate_messages_check_deps_LissajousAdderActionResult
[  0%] Built target _kr_tracker_msgs_generate_messages_check_deps_LissajousTrackerFeedback
[  0%] Built target _kr_tracker_msgs_generate_messages_check_deps_LissajousTrackerGoal
[  0%] Built target _kr_tracker_msgs_generate_messages_check_deps_PolyTrackerActionFeedback
[  0%] Built target _kr_tracker_msgs_generate_messages_check_deps_LineTrackerAction
[  0%] Built target _kr_tracker_msgs_generate_messages_check_deps_VelocityTrackerActionResult
[  0%] Built target _kr_tracker_msgs_generate_messages_check_deps_CircleTrackerAction
[  0%] Built target _kr_tracker_msgs_generate_messages_check_deps_CircleTrackerActionResult
[  0%] Built target _kr_tracker_msgs_generate_messages_check_deps_CircleTrackerResult
[  0%] Built target _kr_tracker_msgs_generate_messages_check_deps_LissajousTrackerActionGoal
[  0%] Built target _kr_tracker_msgs_generate_messages_check_deps_TrajectoryTrackerActionResult
[  0%] Built target _kr_tracker_msgs_generate_messages_check_deps_CircleTrackerActionFeedback
[  0%] Built target _kr_tracker_msgs_generate_messages_check_deps_TrajectoryTrackerActionFeedback
[  0%] Built target _kr_tracker_msgs_generate_messages_check_deps_TrajectoryTrackerFeedback
[  0%] Built target _kr_tracker_msgs_generate_messages_check_deps_LissajousTrackerActionFeedback
[  0%] Built target _kr_tracker_msgs_generate_messages_check_deps_VelocityTrackerResult
[  0%] Built target geometry_msgs_generate_messages_cpp
[  0%] Built target _kr_tracker_msgs_generate_messages_check_deps_LissajousTrackerResult
[  0%] Built target _kr_tracker_msgs_generate_messages_check_deps_VelocityTrackerAction
[  0%] Built target _kr_tracker_msgs_generate_messages_check_deps_TrajectoryTrackerAction
[  0%] Built target _kr_tracker_msgs_generate_messages_check_deps_LissajousAdderFeedback
[  0%] Built target _kr_tracker_msgs_generate_messages_check_deps_LissajousAdderGoal
[  0%] Built target _kr_tracker_msgs_generate_messages_check_deps_LineTrackerActionFeedback
[  0%] Built target _kr_tracker_msgs_generate_messages_check_deps_LissajousAdderAction
[  0%] Built target _kr_tracker_msgs_generate_messages_check_deps_LineTrackerGoal
[  0%] Built target _kr_tracker_msgs_generate_messages_check_deps_PolyTrackerAction
[  0%] Built target _kr_tracker_msgs_generate_messages_check_deps_LineTrackerResult
[  0%] Built target _kr_tracker_msgs_generate_messages_check_deps_VelocityGoal
[  0%] Built target _kr_tracker_msgs_generate_messages_check_deps_CircleTrackerGoal
[  0%] Built target _kr_tracker_msgs_generate_messages_check_deps_LissajousAdderActionFeedback
[  0%] Built target _kr_tracker_msgs_generate_messages_check_deps_LineTrackerFeedback
[  0%] Built target _kr_tracker_msgs_generate_messages_check_deps_Polynomial
[  0%] Built target _kr_tracker_msgs_generate_messages_check_deps_LissajousAdderActionGoal
[  0%] Built target _kr_tracker_msgs_generate_messages_check_deps_VelocityTrackerActionGoal
[  0%] Built target _kr_tracker_msgs_generate_messages_check_deps_VelocityTrackerGoal
[  0%] Built target _kr_tracker_msgs_generate_messages_check_deps_TrajectoryTrackerGoal
[  0%] Built target _kr_tracker_msgs_generate_messages_check_deps_VelocityTrackerActionFeedback
[  0%] Built target _kr_tracker_msgs_generate_messages_check_deps_VelocityTrackerFeedback
[  0%] Built target _kr_tracker_msgs_generate_messages_check_deps_CircleTrackerActionGoal
[  0%] Built target _kr_tracker_msgs_generate_messages_check_deps_CircleTrackerFeedback
[  0%] Built target actionlib_msgs_generate_messages_cpp
[  0%] Built target _kr_tracker_msgs_generate_messages_check_deps_TrajectoryTrackerResult
[  0%] Built target _kr_tracker_msgs_generate_messages_check_deps_LineTrackerActionGoal
[  0%] Built target _kr_tracker_msgs_generate_messages_check_deps_LissajousAdderResult
[  0%] Built target _kr_tracker_msgs_generate_messages_check_deps_LineTrackerActionResult
[  0%] Built target actionlib_msgs_generate_messages_lisp
[  0%] Built target geometry_msgs_generate_messages_lisp
[  0%] Built target actionlib_msgs_generate_messages_py
[  0%] Built target geometry_msgs_generate_messages_py
[  0%] Built target actionlib_msgs_generate_messages_nodejs
[  0%] Built target geometry_msgs_generate_messages_nodejs
[  0%] Built target actionlib_msgs_generate_messages_eus
[  0%] Built target geometry_msgs_generate_messages_eus
[ 20%] Built target kr_tracker_msgs_generate_messages_cpp
[ 39%] Built target kr_tracker_msgs_generate_messages_lisp
[ 40%] [34m[1mGenerating Python from MSG kr_tracker_msgs/LissajousTrackerActionResult[0m
[ 40%] [34m[1mGenerating Python from MSG kr_tracker_msgs/LissajousTrackerActionFeedback[0m
[ 41%] [34m[1mGenerating Python from MSG kr_tracker_msgs/LissajousTrackerGoal[0m
[ 41%] [34m[1mGenerating Python from MSG kr_tracker_msgs/LissajousTrackerResult[0m
[ 41%] [34m[1mGenerating Python from MSG kr_tracker_msgs/LissajousTrackerFeedback[0m
[ 42%] [34m[1mGenerating Python from MSG kr_tracker_msgs/LissajousAdderAction[0m
[ 42%] [34m[1mGenerating Python from MSG kr_tracker_msgs/LissajousAdderActionGoal[0m
[ 42%] [34m[1mGenerating Python from MSG kr_tracker_msgs/LissajousAdderActionResult[0m
[ 43%] [34m[1mGenerating Python from MSG kr_tracker_msgs/LissajousAdderActionFeedback[0m
[ 43%] [34m[1mGenerating Python from MSG kr_tracker_msgs/LissajousAdderGoal[0m
[ 43%] [34m[1mGenerating Python from MSG kr_tracker_msgs/LissajousAdderResult[0m
[ 44%] [34m[1mGenerating Python from MSG kr_tracker_msgs/LissajousAdderFeedback[0m
[ 44%] [34m[1mGenerating Python from MSG kr_tracker_msgs/PolyTrackerAction[0m
[ 45%] [34m[1mGenerating Python from MSG kr_tracker_msgs/PolyTrackerActionGoal[0m
[ 45%] [34m[1mGenerating Python from MSG kr_tracker_msgs/PolyTrackerActionResult[0m
[ 45%] [34m[1mGenerating Python from MSG kr_tracker_msgs/PolyTrackerActionFeedback[0m
[ 46%] [34m[1mGenerating Python from MSG kr_tracker_msgs/PolyTrackerGoal[0m
[ 46%] [34m[1mGenerating Python from MSG kr_tracker_msgs/PolyTrackerResult[0m
[ 46%] [34m[1mGenerating Python from MSG kr_tracker_msgs/PolyTrackerFeedback[0m
[ 47%] [34m[1mGenerating Python from MSG kr_tracker_msgs/TrackerStatus[0m
[ 47%] [34m[1mGenerating Python from MSG kr_tracker_msgs/VelocityGoal[0m
[ 47%] [34m[1mGenerating Python from MSG kr_tracker_msgs/Polynomial[0m
[ 48%] [34m[1mGenerating Python code from SRV kr_tracker_msgs/Transition[0m
[ 48%] [34m[1mGenerating Python msg __init__.py for kr_tracker_msgs[0m
[ 50%] [34m[1mGenerating Python srv __init__.py for kr_tracker_msgs[0m
[ 60%] Built target kr_tracker_msgs_generate_messages_py
[ 60%] [34m[1mGenerating Javascript code from kr_tracker_msgs/LissajousTrackerFeedback.msg[0m
[ 60%] [34m[1mGenerating Javascript code from kr_tracker_msgs/LissajousAdderAction.msg[0m
[ 61%] [34m[1mGenerating Javascript code from kr_tracker_msgs/LissajousAdderActionGoal.msg[0m
[ 61%] [34m[1mGenerating Javascript code from kr_tracker_msgs/LissajousAdderActionResult.msg[0m
[ 62%] [34m[1mGenerating Javascript code from kr_tracker_msgs/LissajousAdderActionFeedback.msg[0m
[ 62%] [34m[1mGenerating Javascript code from kr_tracker_msgs/LissajousAdderGoal.msg[0m
[ 62%] [34m[1mGenerating Javascript code from kr_tracker_msgs/LissajousAdderResult.msg[0m
[ 63%] [34m[1mGenerating Javascript code from kr_tracker_msgs/LissajousAdderFeedback.msg[0m
[ 63%] [34m[1mGenerating Javascript code from kr_tracker_msgs/PolyTrackerAction.msg[0m
[ 63%] [34m[1mGenerating Javascript code from kr_tracker_msgs/PolyTrackerActionGoal.msg[0m
[ 64%] [34m[1mGenerating Javascript code from kr_tracker_msgs/PolyTrackerActionResult.msg[0m
[ 64%] [34m[1mGenerating Javascript code from kr_tracker_msgs/PolyTrackerActionFeedback.msg[0m
[ 64%] [34m[1mGenerating Javascript code from kr_tracker_msgs/PolyTrackerGoal.msg[0m
[ 65%] [34m[1mGenerating Javascript code from kr_tracker_msgs/PolyTrackerResult.msg[0m
[ 65%] [34m[1mGenerating Javascript code from kr_tracker_msgs/PolyTrackerFeedback.msg[0m
[ 65%] [34m[1mGenerating Javascript code from kr_tracker_msgs/TrackerStatus.msg[0m
[ 66%] [34m[1mGenerating Javascript code from kr_tracker_msgs/VelocityGoal.msg[0m
[ 66%] [34m[1mGenerating Javascript code from kr_tracker_msgs/Polynomial.msg[0m
[ 67%] [34m[1mGenerating Javascript code from kr_tracker_msgs/Transition.srv[0m
[ 80%] Built target kr_tracker_msgs_generate_messages_nodejs
[ 81%] [34m[1mGenerating EusLisp code from kr_tracker_msgs/TrajectoryTrackerAction.msg[0m
[ 81%] [34m[1mGenerating EusLisp code from kr_tracker_msgs/TrajectoryTrackerActionGoal.msg[0m
[ 81%] [34m[1mGenerating EusLisp code from kr_tracker_msgs/TrajectoryTrackerActionResult.msg[0m
[ 82%] [34m[1mGenerating EusLisp code from kr_tracker_msgs/TrajectoryTrackerActionFeedback.msg[0m
[ 82%] [34m[1mGenerating EusLisp code from kr_tracker_msgs/TrajectoryTrackerGoal.msg[0m
[ 82%] [34m[1mGenerating EusLisp code from kr_tracker_msgs/TrajectoryTrackerResult.msg[0m
[ 83%] [34m[1mGenerating EusLisp code from kr_tracker_msgs/TrajectoryTrackerFeedback.msg[0m
[ 83%] [34m[1mGenerating EusLisp code from kr_tracker_msgs/LissajousTrackerAction.msg[0m
[ 83%] [34m[1mGenerating EusLisp code from kr_tracker_msgs/LissajousTrackerActionGoal.msg[0m
[ 84%] [34m[1mGenerating EusLisp code from kr_tracker_msgs/LissajousTrackerActionResult.msg[0m
[ 84%] [34m[1mGenerating EusLisp code from kr_tracker_msgs/LissajousTrackerActionFeedback.msg[0m
[ 85%] [34m[1mGenerating EusLisp code from kr_tracker_msgs/LissajousTrackerGoal.msg[0m
[ 85%] [34m[1mGenerating EusLisp code from kr_tracker_msgs/LissajousTrackerResult.msg[0m
[ 85%] [34m[1mGenerating EusLisp code from kr_tracker_msgs/LissajousTrackerFeedback.msg[0m
[ 86%] [34m[1mGenerating EusLisp code from kr_tracker_msgs/LissajousAdderAction.msg[0m
[ 86%] [34m[1mGenerating EusLisp code from kr_tracker_msgs/LissajousAdderActionGoal.msg[0m
[ 86%] [34m[1mGenerating EusLisp code from kr_tracker_msgs/LissajousAdderActionResult.msg[0m
[ 87%] [34m[1mGenerating EusLisp code from kr_tracker_msgs/LissajousAdderActionFeedback.msg[0m
[ 87%] [34m[1mGenerating EusLisp code from kr_tracker_msgs/LissajousAdderGoal.msg[0m
[ 87%] [34m[1mGenerating EusLisp code from kr_tracker_msgs/LissajousAdderResult.msg[0m
[ 88%] [34m[1mGenerating EusLisp code from kr_tracker_msgs/LissajousAdderFeedback.msg[0m
[ 88%] [34m[1mGenerating EusLisp code from kr_tracker_msgs/PolyTrackerAction.msg[0m
[ 89%] [34m[1mGenerating EusLisp code from kr_tracker_msgs/PolyTrackerActionGoal.msg[0m
[ 89%] [34m[1mGenerating EusLisp code from kr_tracker_msgs/PolyTrackerActionResult.msg[0m
[ 89%] [34m[1mGenerating EusLisp code from kr_tracker_msgs/PolyTrackerActionFeedback.msg[0m
[ 90%] [34m[1mGenerating EusLisp code from kr_tracker_msgs/PolyTrackerGoal.msg[0m
[ 90%] [34m[1mGenerating EusLisp code from kr_tracker_msgs/PolyTrackerResult.msg[0m
[ 90%] [34m[1mGenerating EusLisp code from kr_tracker_msgs/PolyTrackerFeedback.msg[0m
[ 91%] [34m[1mGenerating EusLisp code from kr_tracker_msgs/TrackerStatus.msg[0m
[ 91%] [34m[1mGenerating EusLisp code from kr_tracker_msgs/VelocityGoal.msg[0m
[ 91%] [34m[1mGenerating EusLisp code from kr_tracker_msgs/Polynomial.msg[0m
[ 92%] [34m[1mGenerating EusLisp code from kr_tracker_msgs/Transition.srv[0m
[ 92%] [34m[1mGenerating EusLisp manifest code for kr_tracker_msgs[0m
[100%] Built target kr_tracker_msgs_generate_messages_eus
[35m[1mScanning dependencies of target kr_tracker_msgs_generate_messages[0m
[100%] Built target kr_tracker_msgs_generate_messages
