Linked: (/home/grasp/ego-planner/devel/.private/vicon_env/lib/python3/dist-packages/vicon_env/__init__.py, /home/grasp/ego-planner/devel/lib/python3/dist-packages/vicon_env/__init__.py)
Linked: (/home/grasp/ego-planner/devel/.private/vicon_env/lib/python3/dist-packages/vicon_env/msg/_Point3d.py, /home/grasp/ego-planner/devel/lib/python3/dist-packages/vicon_env/msg/_Point3d.py)
Linked: (/home/grasp/ego-planner/devel/.private/vicon_env/lib/python3/dist-packages/vicon_env/msg/_Cylinder.py, /home/grasp/ego-planner/devel/lib/python3/dist-packages/vicon_env/msg/_Cylinder.py)
Linked: (/home/grasp/ego-planner/devel/.private/vicon_env/lib/python3/dist-packages/vicon_env/msg/_SemanticArray.py, /home/grasp/ego-planner/devel/lib/python3/dist-packages/vicon_env/msg/_SemanticArray.py)
Linked: (/home/grasp/ego-planner/devel/.private/vicon_env/lib/python3/dist-packages/vicon_env/msg/_Polyhedron.py, /home/grasp/ego-planner/devel/lib/python3/dist-packages/vicon_env/msg/_Polyhedron.py)
Linked: (/home/grasp/ego-planner/devel/.private/vicon_env/lib/python3/dist-packages/vicon_env/msg/_Ellipse.py, /home/grasp/ego-planner/devel/lib/python3/dist-packages/vicon_env/msg/_Ellipse.py)
Linked: (/home/grasp/ego-planner/devel/.private/vicon_env/lib/python3/dist-packages/vicon_env/msg/_Point2d.py, /home/grasp/ego-planner/devel/lib/python3/dist-packages/vicon_env/msg/_Point2d.py)
Linked: (/home/grasp/ego-planner/devel/.private/vicon_env/lib/python3/dist-packages/vicon_env/msg/__init__.py, /home/grasp/ego-planner/devel/lib/python3/dist-packages/vicon_env/msg/__init__.py)
Linked: (/home/grasp/ego-planner/devel/.private/vicon_env/lib/python3/dist-packages/vicon_env/msg/_Circle.py, /home/grasp/ego-planner/devel/lib/python3/dist-packages/vicon_env/msg/_Circle.py)
Linked: (/home/grasp/ego-planner/devel/.private/vicon_env/lib/python3/dist-packages/vicon_env/msg/_Polygon.py, /home/grasp/ego-planner/devel/lib/python3/dist-packages/vicon_env/msg/_Polygon.py)
Linked: (/home/grasp/ego-planner/devel/.private/vicon_env/lib/vicon_env/vicon_map3d, /home/grasp/ego-planner/devel/lib/vicon_env/vicon_map3d)
Linked: (/home/grasp/ego-planner/devel/.private/vicon_env/lib/vicon_env/vicon_map2d, /home/grasp/ego-planner/devel/lib/vicon_env/vicon_map2d)
Linked: (/home/grasp/ego-planner/devel/.private/vicon_env/lib/pkgconfig/vicon_env.pc, /home/grasp/ego-planner/devel/lib/pkgconfig/vicon_env.pc)
Linked: (/home/grasp/ego-planner/devel/.private/vicon_env/include/vicon_env/Polygon.h, /home/grasp/ego-planner/devel/include/vicon_env/Polygon.h)
Linked: (/home/grasp/ego-planner/devel/.private/vicon_env/include/vicon_env/Point3d.h, /home/grasp/ego-planner/devel/include/vicon_env/Point3d.h)
Linked: (/home/grasp/ego-planner/devel/.private/vicon_env/include/vicon_env/Ellipse.h, /home/grasp/ego-planner/devel/include/vicon_env/Ellipse.h)
Linked: (/home/grasp/ego-planner/devel/.private/vicon_env/include/vicon_env/Point2d.h, /home/grasp/ego-planner/devel/include/vicon_env/Point2d.h)
Linked: (/home/grasp/ego-planner/devel/.private/vicon_env/include/vicon_env/Circle.h, /home/grasp/ego-planner/devel/include/vicon_env/Circle.h)
Linked: (/home/grasp/ego-planner/devel/.private/vicon_env/include/vicon_env/Polyhedron.h, /home/grasp/ego-planner/devel/include/vicon_env/Polyhedron.h)
Linked: (/home/grasp/ego-planner/devel/.private/vicon_env/include/vicon_env/SemanticArray.h, /home/grasp/ego-planner/devel/include/vicon_env/SemanticArray.h)
Linked: (/home/grasp/ego-planner/devel/.private/vicon_env/include/vicon_env/Cylinder.h, /home/grasp/ego-planner/devel/include/vicon_env/Cylinder.h)
Linked: (/home/grasp/ego-planner/devel/.private/vicon_env/share/common-lisp/ros/vicon_env/msg/vicon_env-msg.asd, /home/grasp/ego-planner/devel/share/common-lisp/ros/vicon_env/msg/vicon_env-msg.asd)
Linked: (/home/grasp/ego-planner/devel/.private/vicon_env/share/common-lisp/ros/vicon_env/msg/_package_Circle.lisp, /home/grasp/ego-planner/devel/share/common-lisp/ros/vicon_env/msg/_package_Circle.lisp)
Linked: (/home/grasp/ego-planner/devel/.private/vicon_env/share/common-lisp/ros/vicon_env/msg/_package_SemanticArray.lisp, /home/grasp/ego-planner/devel/share/common-lisp/ros/vicon_env/msg/_package_SemanticArray.lisp)
Linked: (/home/grasp/ego-planner/devel/.private/vicon_env/share/common-lisp/ros/vicon_env/msg/_package.lisp, /home/grasp/ego-planner/devel/share/common-lisp/ros/vicon_env/msg/_package.lisp)
Linked: (/home/grasp/ego-planner/devel/.private/vicon_env/share/common-lisp/ros/vicon_env/msg/_package_Point3d.lisp, /home/grasp/ego-planner/devel/share/common-lisp/ros/vicon_env/msg/_package_Point3d.lisp)
Linked: (/home/grasp/ego-planner/devel/.private/vicon_env/share/common-lisp/ros/vicon_env/msg/Cylinder.lisp, /home/grasp/ego-planner/devel/share/common-lisp/ros/vicon_env/msg/Cylinder.lisp)
Linked: (/home/grasp/ego-planner/devel/.private/vicon_env/share/common-lisp/ros/vicon_env/msg/_package_Polygon.lisp, /home/grasp/ego-planner/devel/share/common-lisp/ros/vicon_env/msg/_package_Polygon.lisp)
Linked: (/home/grasp/ego-planner/devel/.private/vicon_env/share/common-lisp/ros/vicon_env/msg/Ellipse.lisp, /home/grasp/ego-planner/devel/share/common-lisp/ros/vicon_env/msg/Ellipse.lisp)
Linked: (/home/grasp/ego-planner/devel/.private/vicon_env/share/common-lisp/ros/vicon_env/msg/Polygon.lisp, /home/grasp/ego-planner/devel/share/common-lisp/ros/vicon_env/msg/Polygon.lisp)
Linked: (/home/grasp/ego-planner/devel/.private/vicon_env/share/common-lisp/ros/vicon_env/msg/_package_Point2d.lisp, /home/grasp/ego-planner/devel/share/common-lisp/ros/vicon_env/msg/_package_Point2d.lisp)
Linked: (/home/grasp/ego-planner/devel/.private/vicon_env/share/common-lisp/ros/vicon_env/msg/SemanticArray.lisp, /home/grasp/ego-planner/devel/share/common-lisp/ros/vicon_env/msg/SemanticArray.lisp)
Linked: (/home/grasp/ego-planner/devel/.private/vicon_env/share/common-lisp/ros/vicon_env/msg/_package_Ellipse.lisp, /home/grasp/ego-planner/devel/share/common-lisp/ros/vicon_env/msg/_package_Ellipse.lisp)
Linked: (/home/grasp/ego-planner/devel/.private/vicon_env/share/common-lisp/ros/vicon_env/msg/Circle.lisp, /home/grasp/ego-planner/devel/share/common-lisp/ros/vicon_env/msg/Circle.lisp)
Linked: (/home/grasp/ego-planner/devel/.private/vicon_env/share/common-lisp/ros/vicon_env/msg/_package_Cylinder.lisp, /home/grasp/ego-planner/devel/share/common-lisp/ros/vicon_env/msg/_package_Cylinder.lisp)
Linked: (/home/grasp/ego-planner/devel/.private/vicon_env/share/common-lisp/ros/vicon_env/msg/_package_Polyhedron.lisp, /home/grasp/ego-planner/devel/share/common-lisp/ros/vicon_env/msg/_package_Polyhedron.lisp)
Linked: (/home/grasp/ego-planner/devel/.private/vicon_env/share/common-lisp/ros/vicon_env/msg/Point2d.lisp, /home/grasp/ego-planner/devel/share/common-lisp/ros/vicon_env/msg/Point2d.lisp)
Linked: (/home/grasp/ego-planner/devel/.private/vicon_env/share/common-lisp/ros/vicon_env/msg/Polyhedron.lisp, /home/grasp/ego-planner/devel/share/common-lisp/ros/vicon_env/msg/Polyhedron.lisp)
Linked: (/home/grasp/ego-planner/devel/.private/vicon_env/share/common-lisp/ros/vicon_env/msg/Point3d.lisp, /home/grasp/ego-planner/devel/share/common-lisp/ros/vicon_env/msg/Point3d.lisp)
Linked: (/home/grasp/ego-planner/devel/.private/vicon_env/share/gennodejs/ros/vicon_env/_index.js, /home/grasp/ego-planner/devel/share/gennodejs/ros/vicon_env/_index.js)
Linked: (/home/grasp/ego-planner/devel/.private/vicon_env/share/gennodejs/ros/vicon_env/msg/Polyhedron.js, /home/grasp/ego-planner/devel/share/gennodejs/ros/vicon_env/msg/Polyhedron.js)
Linked: (/home/grasp/ego-planner/devel/.private/vicon_env/share/gennodejs/ros/vicon_env/msg/Point3d.js, /home/grasp/ego-planner/devel/share/gennodejs/ros/vicon_env/msg/Point3d.js)
Linked: (/home/grasp/ego-planner/devel/.private/vicon_env/share/gennodejs/ros/vicon_env/msg/Ellipse.js, /home/grasp/ego-planner/devel/share/gennodejs/ros/vicon_env/msg/Ellipse.js)
Linked: (/home/grasp/ego-planner/devel/.private/vicon_env/share/gennodejs/ros/vicon_env/msg/Cylinder.js, /home/grasp/ego-planner/devel/share/gennodejs/ros/vicon_env/msg/Cylinder.js)
Linked: (/home/grasp/ego-planner/devel/.private/vicon_env/share/gennodejs/ros/vicon_env/msg/SemanticArray.js, /home/grasp/ego-planner/devel/share/gennodejs/ros/vicon_env/msg/SemanticArray.js)
Linked: (/home/grasp/ego-planner/devel/.private/vicon_env/share/gennodejs/ros/vicon_env/msg/Circle.js, /home/grasp/ego-planner/devel/share/gennodejs/ros/vicon_env/msg/Circle.js)
Linked: (/home/grasp/ego-planner/devel/.private/vicon_env/share/gennodejs/ros/vicon_env/msg/Polygon.js, /home/grasp/ego-planner/devel/share/gennodejs/ros/vicon_env/msg/Polygon.js)
Linked: (/home/grasp/ego-planner/devel/.private/vicon_env/share/gennodejs/ros/vicon_env/msg/_index.js, /home/grasp/ego-planner/devel/share/gennodejs/ros/vicon_env/msg/_index.js)
Linked: (/home/grasp/ego-planner/devel/.private/vicon_env/share/gennodejs/ros/vicon_env/msg/Point2d.js, /home/grasp/ego-planner/devel/share/gennodejs/ros/vicon_env/msg/Point2d.js)
Linked: (/home/grasp/ego-planner/devel/.private/vicon_env/share/vicon_env/cmake/vicon_envConfig.cmake, /home/grasp/ego-planner/devel/share/vicon_env/cmake/vicon_envConfig.cmake)
Linked: (/home/grasp/ego-planner/devel/.private/vicon_env/share/vicon_env/cmake/vicon_envConfig-version.cmake, /home/grasp/ego-planner/devel/share/vicon_env/cmake/vicon_envConfig-version.cmake)
Linked: (/home/grasp/ego-planner/devel/.private/vicon_env/share/vicon_env/cmake/vicon_env-msg-paths.cmake, /home/grasp/ego-planner/devel/share/vicon_env/cmake/vicon_env-msg-paths.cmake)
Linked: (/home/grasp/ego-planner/devel/.private/vicon_env/share/vicon_env/cmake/vicon_env-msg-extras.cmake, /home/grasp/ego-planner/devel/share/vicon_env/cmake/vicon_env-msg-extras.cmake)
Linked: (/home/grasp/ego-planner/devel/.private/vicon_env/share/roseus/ros/vicon_env/manifest.l, /home/grasp/ego-planner/devel/share/roseus/ros/vicon_env/manifest.l)
Linked: (/home/grasp/ego-planner/devel/.private/vicon_env/share/roseus/ros/vicon_env/msg/Point3d.l, /home/grasp/ego-planner/devel/share/roseus/ros/vicon_env/msg/Point3d.l)
Linked: (/home/grasp/ego-planner/devel/.private/vicon_env/share/roseus/ros/vicon_env/msg/Circle.l, /home/grasp/ego-planner/devel/share/roseus/ros/vicon_env/msg/Circle.l)
Linked: (/home/grasp/ego-planner/devel/.private/vicon_env/share/roseus/ros/vicon_env/msg/Cylinder.l, /home/grasp/ego-planner/devel/share/roseus/ros/vicon_env/msg/Cylinder.l)
Linked: (/home/grasp/ego-planner/devel/.private/vicon_env/share/roseus/ros/vicon_env/msg/SemanticArray.l, /home/grasp/ego-planner/devel/share/roseus/ros/vicon_env/msg/SemanticArray.l)
Linked: (/home/grasp/ego-planner/devel/.private/vicon_env/share/roseus/ros/vicon_env/msg/Point2d.l, /home/grasp/ego-planner/devel/share/roseus/ros/vicon_env/msg/Point2d.l)
Linked: (/home/grasp/ego-planner/devel/.private/vicon_env/share/roseus/ros/vicon_env/msg/Polygon.l, /home/grasp/ego-planner/devel/share/roseus/ros/vicon_env/msg/Polygon.l)
Linked: (/home/grasp/ego-planner/devel/.private/vicon_env/share/roseus/ros/vicon_env/msg/Polyhedron.l, /home/grasp/ego-planner/devel/share/roseus/ros/vicon_env/msg/Polyhedron.l)
Linked: (/home/grasp/ego-planner/devel/.private/vicon_env/share/roseus/ros/vicon_env/msg/Ellipse.l, /home/grasp/ego-planner/devel/share/roseus/ros/vicon_env/msg/Ellipse.l)
