[  0%] Built target _vicon_env_generate_messages_check_deps_SemanticArray
[  0%] Built target _vicon_env_generate_messages_check_deps_Point3d
[  0%] Built target std_msgs_generate_messages_lisp
[  0%] Built target _vicon_env_generate_messages_check_deps_Polyhedron
[  0%] Built target _vicon_env_generate_messages_check_deps_Cylinder
[  0%] Built target _vicon_env_generate_messages_check_deps_Point2d
[  0%] Built target _vicon_env_generate_messages_check_deps_Ellipse
[  0%] Built target _vicon_env_generate_messages_check_deps_Circle
[  0%] Built target std_msgs_generate_messages_nodejs
[  0%] Built target _vicon_env_generate_messages_check_deps_Polygon
[  0%] Built target std_msgs_generate_messages_py
[  0%] Built target std_msgs_generate_messages_cpp
[  0%] Built target std_msgs_generate_messages_eus
[ 17%] Built target vicon_env_generate_messages_lisp
[ 34%] Built target vicon_env_generate_messages_nodejs
[ 54%] Built target vicon_env_generate_messages_py
[ 71%] Built target vicon_env_generate_messages_cpp
[ 91%] Built target vicon_env_generate_messages_eus
[ 95%] Built target vicon_map3d
[ 95%] Built target vicon_env_generate_messages
[100%] Built target vicon_map2d
